2025-06-01 09:06:26 - INFO - 找到 1 个活跃的策略
2025-06-01 09:06:27 - INFO - 启动策略: wangba (用户: test1, id=7416w114037s7c8)
2025-06-01 09:06:27 - INFO - 开始启动数据源...
2025-06-01 09:06:27 - INFO - 开始监听策略的运行状态...
2025-06-01 09:06:27 - INFO - 开始监听交易信息...
2025-06-01 09:06:58 - INFO - 策略 7416w114037s7c8 收到新的交易信息
2025-06-01 09:08:00 - INFO - 策略 7416w114037s7c8 收到新的交易信息
2025-06-01 09:08:36 - INFO - 策略 7416w114037s7c8 收到新的交易信息
2025-06-01 09:09:58 - INFO - 策略 7416w114037s7c8 收到新的交易信息
2025-06-01 09:10:36 - INFO - 策略 7416w114037s7c8 收到新的交易信息
2025-06-01 09:12:23 - INFO - 策略 7416w114037s7c8 收到新的交易信息
2025-06-01 09:12:41 - INFO - 策略 7416w114037s7c8 收到新的交易信息
2025-06-01 09:45:30 - INFO - 退出监听
2025-06-01 09:45:52 - INFO - 找到 1 个活跃的策略
2025-06-01 09:45:53 - INFO - 启动策略: wangba (用户: test1, id=7416w114037s7c8)
2025-06-01 09:45:53 - INFO - 开始启动数据源...
2025-06-01 09:45:53 - INFO - 开始监听策略的运行状态...
2025-06-01 09:45:53 - INFO - 开始监听交易信息...
2025-06-01 09:46:15 - INFO - 策略 7416w114037s7c8 收到新的交易信息
2025-06-01 09:46:23 - INFO - 策略 7416w114037s7c8 收到新的交易信息
2025-06-01 09:46:50 - INFO - 退出监听
2025-06-01 09:46:58 - INFO - 找到 1 个活跃的策略
2025-06-01 09:46:59 - INFO - 启动策略: wangba (用户: test1, id=7416w114037s7c8)
2025-06-01 09:46:59 - INFO - 开始启动数据源...
2025-06-01 09:46:59 - INFO - 开始监听策略的运行状态...
2025-06-01 09:46:59 - INFO - 开始监听交易信息...
2025-06-01 09:47:29 - INFO - 策略 7416w114037s7c8 收到新的交易信息
2025-06-01 09:47:30 - INFO - 策略 7416w114037s7c8 收到新的交易信息
2025-06-01 09:47:31 - INFO - 策略 7416w114037s7c8 收到新的交易信息
2025-06-01 09:47:32 - INFO - 策略 7416w114037s7c8 收到新的交易信息
2025-06-01 09:47:33 - INFO - 策略 7416w114037s7c8 收到新的交易信息
2025-06-01 09:47:34 - INFO - 策略 7416w114037s7c8 收到新的交易信息
2025-06-01 09:47:35 - INFO - 策略 7416w114037s7c8 收到新的交易信息
2025-06-01 10:02:31 - INFO - 退出监听
2025-06-01 10:02:40 - INFO - 找到 1 个活跃的策略
2025-06-01 10:02:41 - INFO - 启动策略: wangba (用户: test1, id=7416w114037s7c8)
2025-06-01 10:02:41 - INFO - 开始启动数据源...
2025-06-01 10:02:41 - INFO - 开始监听策略的运行状态...
2025-06-01 10:02:42 - INFO - 开始监听交易信息...
2025-06-01 10:02:59 - INFO - 策略 7416w114037s7c8 收到新的交易信息
2025-06-01 10:03:00 - INFO - 策略 7416w114037s7c8 收到新的交易信息
2025-06-01 10:03:01 - INFO - 策略 7416w114037s7c8 收到新的交易信息
2025-06-01 10:03:02 - INFO - 策略 7416w114037s7c8 收到新的交易信息
2025-06-01 10:03:03 - INFO - 策略 7416w114037s7c8 收到新的交易信息
2025-06-01 10:03:04 - INFO - 策略 7416w114037s7c8 收到新的交易信息
2025-06-01 10:03:05 - INFO - 策略 7416w114037s7c8 收到新的交易信息
2025-06-01 10:04:13 - INFO - 退出监听
2025-06-01 10:04:22 - INFO - 找到 1 个活跃的策略
2025-06-01 10:04:22 - INFO - 启动策略: wangba (用户: test1, id=7416w114037s7c8)
2025-06-01 10:04:23 - INFO - 开始启动数据源...
2025-06-01 10:04:23 - INFO - 开始监听策略的运行状态...
2025-06-01 10:04:23 - INFO - 开始监听交易信息...
2025-06-01 10:04:26 - INFO - 策略 7416w114037s7c8 收到新的交易信息
2025-06-01 10:04:26 - INFO - 策略 7416w114037s7c8 收到新的交易信息
2025-06-01 10:04:27 - INFO - 策略 7416w114037s7c8 收到新的交易信息
2025-06-01 10:04:27 - INFO - 策略 7416w114037s7c8 收到新的交易信息
2025-06-01 10:04:27 - INFO - 策略 7416w114037s7c8 收到新的交易信息
2025-06-01 10:04:28 - INFO - 策略 7416w114037s7c8 收到新的交易信息
2025-06-01 10:04:54 - INFO - 策略 7416w114037s7c8 收到新的交易信息
2025-06-01 10:19:02 - INFO - 退出监听
2025-06-01 10:19:10 - INFO - 找到 1 个活跃的策略
2025-06-01 10:19:11 - INFO - 启动策略: wangba (用户: test1, id=7416w114037s7c8)
2025-06-01 10:19:11 - INFO - 开始启动数据源...
2025-06-01 10:19:11 - INFO - 开始监听策略的运行状态...
2025-06-01 10:19:11 - INFO - 开始监听交易信息...
2025-06-01 10:19:17 - INFO - 策略 7416w114037s7c8 收到新的交易信息
2025-06-01 10:19:17 - INFO - 策略 7416w114037s7c8 收到新的交易信息
2025-06-01 10:19:17 - INFO - 策略 7416w114037s7c8 收到新的交易信息
2025-06-01 10:19:18 - INFO - 策略 7416w114037s7c8 收到新的交易信息
2025-06-01 10:19:18 - INFO - 策略 7416w114037s7c8 收到新的交易信息
2025-06-01 10:19:19 - INFO - 策略 7416w114037s7c8 收到新的交易信息
2025-06-01 10:19:55 - INFO - 策略 7416w114037s7c8 收到新的交易信息
2025-06-01 10:28:30 - INFO - 退出监听
2025-06-01 10:28:42 - INFO - 找到 1 个活跃的策略
2025-06-01 10:28:43 - INFO - 启动策略: wangba (用户: test1, id=7416w114037s7c8)
2025-06-01 10:28:43 - INFO - 开始启动数据源...
2025-06-01 10:28:43 - INFO - 开始监听策略的运行状态...
2025-06-01 10:28:44 - INFO - 开始监听交易信息...
2025-06-01 10:28:50 - INFO - 策略 7416w114037s7c8 收到新的交易信息
2025-06-01 10:28:50 - INFO - 策略 7416w114037s7c8 收到新的交易信息
2025-06-01 10:28:51 - INFO - 策略 7416w114037s7c8 收到新的交易信息
2025-06-01 10:28:51 - INFO - 策略 7416w114037s7c8 收到新的交易信息
2025-06-01 10:29:42 - INFO - 找到 1 个活跃的策略
2025-06-01 10:29:42 - INFO - 启动策略: wangba (用户: test1, id=7416w114037s7c8)
2025-06-01 10:29:42 - INFO - 开始启动数据源...
2025-06-01 10:29:42 - INFO - 开始监听策略的运行状态...
2025-06-01 10:29:43 - INFO - 开始监听交易信息...
2025-06-01 10:29:53 - INFO - 策略 7416w114037s7c8 收到新的交易信息
2025-06-01 10:29:54 - INFO - 策略 7416w114037s7c8 收到新的交易信息
2025-06-01 10:29:55 - INFO - 策略 7416w114037s7c8 收到新的交易信息
2025-06-01 10:29:55 - INFO - 策略 7416w114037s7c8 收到新的交易信息
2025-06-01 10:29:56 - INFO - 策略 7416w114037s7c8 收到新的交易信息
2025-06-01 10:29:58 - INFO - 策略 7416w114037s7c8 收到新的交易信息
2025-06-01 10:30:00 - INFO - 策略 7416w114037s7c8 收到新的交易信息
2025-06-01 11:12:45 - INFO - 退出监听
2025-06-01 11:13:15 - INFO - 找到 1 个活跃的策略
2025-06-01 11:13:15 - INFO - 启动策略: wangba (用户: test1, id=7416w114037s7c8)
2025-06-01 11:13:15 - INFO - 开始启动数据源...
2025-06-01 11:13:15 - INFO - 开始监听策略的运行状态...
2025-06-01 11:13:16 - INFO - 开始监听交易信息...
2025-06-01 11:13:30 - INFO - 策略 7416w114037s7c8 收到新的交易信息
2025-06-01 11:13:30 - INFO - 策略 7416w114037s7c8 收到新的交易信息
2025-06-01 11:13:31 - INFO - 策略 7416w114037s7c8 收到新的交易信息
2025-06-01 11:13:31 - INFO - 策略 7416w114037s7c8 收到新的交易信息
2025-06-01 11:13:32 - INFO - 策略 7416w114037s7c8 收到新的交易信息
2025-06-01 11:20:46 - INFO - 找到 1 个活跃的策略
2025-06-01 11:20:47 - INFO - 启动策略: wangba (用户: test1, id=7416w114037s7c8)
2025-06-01 11:20:47 - INFO - 开始启动数据源...
2025-06-01 11:20:47 - INFO - 开始监听策略的运行状态...
2025-06-01 11:20:48 - INFO - 开始监听交易信息...
2025-06-01 11:20:59 - INFO - 策略 7416w114037s7c8 收到新的交易信息
2025-06-01 11:21:00 - INFO - 策略 7416w114037s7c8 收到新的交易信息
2025-06-01 11:21:02 - INFO - 策略 7416w114037s7c8 收到新的交易信息
2025-06-01 11:21:04 - INFO - 策略 7416w114037s7c8 收到新的交易信息
2025-06-01 11:21:06 - INFO - 策略 7416w114037s7c8 收到新的交易信息
2025-06-01 11:21:20 - INFO - 策略 7416w114037s7c8 收到新的交易信息
2025-06-01 11:23:34 - INFO - 策略 7416w114037s7c8 收到新的交易信息
2025-06-01 11:24:44 - INFO - 找到 1 个活跃的策略
2025-06-01 11:24:45 - INFO - 启动策略: wangba (用户: test1, id=7416w114037s7c8)
2025-06-01 11:24:45 - INFO - 开始启动数据源...
2025-06-01 11:24:45 - INFO - 开始监听策略的运行状态...
2025-06-01 11:25:31 - INFO - 找到 1 个活跃的策略
2025-06-01 11:25:32 - INFO - 启动策略: wangba (用户: test1, id=7416w114037s7c8)
2025-06-01 11:25:32 - INFO - 开始启动数据源...
2025-06-01 11:25:32 - INFO - 开始监听策略的运行状态...
2025-06-01 11:25:32 - INFO - 开始监听交易信息...
2025-06-01 11:25:54 - INFO - 策略 7416w114037s7c8 收到新的交易信息
2025-06-01 11:26:31 - INFO - 策略 7416w114037s7c8 收到新的交易信息
2025-06-01 11:27:38 - INFO - 策略 7416w114037s7c8 收到新的交易信息
2025-06-01 11:28:54 - INFO - 策略 7416w114037s7c8 收到新的交易信息
2025-06-01 11:30:04 - INFO - 策略 7416w114037s7c8 收到新的交易信息
2025-06-01 11:30:11 - INFO - 策略 7416w114037s7c8 收到新的交易信息
2025-06-01 11:36:48 - INFO - 找到 1 个活跃的策略
2025-06-01 11:36:49 - INFO - 启动策略: wangba (用户: test1, id=7416w114037s7c8)
2025-06-01 11:36:49 - INFO - 开始启动数据源...
2025-06-01 11:36:49 - INFO - 开始监听策略的运行状态...
2025-06-01 11:36:50 - INFO - 开始监听交易信息...
2025-06-01 11:36:59 - INFO - 策略 7416w114037s7c8 收到新的交易信息
2025-06-01 11:37:01 - INFO - 策略 7416w114037s7c8 收到新的交易信息
2025-06-01 11:37:02 - INFO - 策略 7416w114037s7c8 收到新的交易信息
2025-06-01 11:37:03 - INFO - 策略 7416w114037s7c8 收到新的交易信息
2025-06-01 11:37:04 - INFO - 策略 7416w114037s7c8 收到新的交易信息
2025-06-01 11:37:05 - INFO - 策略 7416w114037s7c8 收到新的交易信息
2025-06-01 11:41:01 - INFO - 找到 1 个活跃的策略
2025-06-01 11:41:01 - INFO - 启动策略: wangba (用户: test1, id=7416w114037s7c8)
2025-06-01 11:41:02 - INFO - 开始启动数据源...
2025-06-01 11:41:02 - INFO - 开始监听策略的运行状态...
2025-06-01 11:41:02 - INFO - 开始监听交易信息...
2025-06-01 11:41:10 - INFO - 策略 7416w114037s7c8 收到新的交易信息
2025-06-01 11:41:10 - INFO - 策略 7416w114037s7c8 收到新的交易信息
2025-06-01 11:41:11 - INFO - 策略 7416w114037s7c8 收到新的交易信息
2025-06-01 11:41:11 - INFO - 策略 7416w114037s7c8 收到新的交易信息
2025-06-01 11:41:12 - INFO - 策略 7416w114037s7c8 收到新的交易信息
2025-06-01 11:41:15 - INFO - 策略 7416w114037s7c8 收到新的交易信息
2025-06-01 11:55:18 - INFO - 找到 1 个活跃的策略
2025-06-01 11:55:19 - INFO - 启动策略: wangba (用户: test1, id=7416w114037s7c8)
2025-06-01 11:55:19 - INFO - 开始启动数据源...
2025-06-01 11:55:19 - INFO - 开始监听策略的运行状态...
2025-06-01 11:55:20 - INFO - 开始监听交易信息...
2025-06-01 11:56:10 - INFO - 策略 7416w114037s7c8 收到新的交易信息
2025-06-01 11:56:10 - INFO - 策略 7416w114037s7c8 收到新的交易信息
2025-06-01 11:56:11 - INFO - 策略 7416w114037s7c8 收到新的交易信息
2025-06-01 11:56:11 - INFO - 策略 7416w114037s7c8 收到新的交易信息
2025-06-01 11:56:12 - INFO - 策略 7416w114037s7c8 收到新的交易信息
2025-06-01 11:56:15 - INFO - 策略 7416w114037s7c8 收到新的交易信息
2025-06-01 11:56:55 - INFO - 策略 7416w114037s7c8 收到新的交易信息
2025-06-01 12:00:11 - INFO - 退出监听
2025-06-01 12:00:21 - INFO - 找到 1 个活跃的策略
2025-06-01 12:00:22 - INFO - 启动策略: wangba (用户: test1, id=7416w114037s7c8)
2025-06-01 12:00:22 - INFO - 开始启动数据源...
2025-06-01 12:00:22 - INFO - 开始监听策略的运行状态...
2025-06-01 12:00:23 - INFO - 开始监听交易信息...
2025-06-01 12:01:03 - INFO - 策略 7416w114037s7c8 收到新的交易信息
2025-06-01 12:01:03 - INFO - 策略 7416w114037s7c8 收到新的交易信息
2025-06-01 12:01:03 - INFO - 策略 7416w114037s7c8 收到新的交易信息
2025-06-01 12:01:03 - INFO - 策略 7416w114037s7c8 收到新的交易信息
2025-06-01 12:01:03 - INFO - 策略 7416w114037s7c8 收到新的交易信息
2025-06-01 12:01:03 - INFO - 策略 7416w114037s7c8 收到新的交易信息
2025-06-01 12:01:41 - INFO - 退出监听
2025-06-01 12:02:13 - INFO - 找到 1 个活跃的策略
2025-06-01 12:02:14 - INFO - 启动策略: wangba (用户: test1, id=7416w114037s7c8)
2025-06-01 12:02:14 - INFO - 开始启动数据源...
2025-06-01 12:02:14 - INFO - 开始监听策略的运行状态...
2025-06-01 12:02:15 - INFO - 开始监听交易信息...
2025-06-01 12:02:20 - INFO - 策略 7416w114037s7c8 收到新的交易信息
2025-06-01 12:02:20 - INFO - 策略 7416w114037s7c8 收到新的交易信息
2025-06-01 12:02:20 - INFO - 策略 7416w114037s7c8 收到新的交易信息
2025-06-01 12:02:20 - INFO - 策略 7416w114037s7c8 收到新的交易信息
2025-06-01 12:02:20 - INFO - 策略 7416w114037s7c8 收到新的交易信息
2025-06-01 12:02:20 - INFO - 策略 7416w114037s7c8 收到新的交易信息
2025-06-01 12:04:19 - INFO - 退出监听
2025-06-01 12:05:48 - INFO - 找到 1 个活跃的策略
2025-06-01 12:05:49 - INFO - 启动策略: wangba (用户: test1, id=7416w114037s7c8)
2025-06-01 12:05:49 - INFO - 开始启动数据源...
2025-06-01 12:05:49 - INFO - 开始监听策略的运行状态...
2025-06-01 12:05:49 - INFO - 开始监听交易信息...
2025-06-01 12:05:53 - INFO - 退出监听
2025-06-01 12:06:33 - INFO - 找到 1 个活跃的策略
2025-06-01 12:06:34 - INFO - 启动策略: wangba (用户: test1, id=7416w114037s7c8)
2025-06-01 12:06:34 - INFO - 开始启动数据源...
2025-06-01 12:06:34 - INFO - 开始监听策略的运行状态...
2025-06-01 12:07:36 - INFO - 找到 1 个活跃的策略
2025-06-01 12:07:37 - INFO - 启动策略: wangba (用户: test1, id=7416w114037s7c8)
2025-06-01 12:07:37 - INFO - 开始启动数据源...
2025-06-01 12:07:37 - INFO - 开始监听策略的运行状态...
2025-06-01 12:09:24 - INFO - 找到 1 个活跃的策略
2025-06-01 12:09:25 - INFO - 启动策略: wangba (用户: test1, id=7416w114037s7c8)
2025-06-01 12:09:25 - INFO - 开始启动数据源...
2025-06-01 12:09:25 - INFO - 开始监听策略的运行状态...
2025-06-01 12:09:25 - INFO - 开始监听交易信息...
2025-06-01 12:09:47 - INFO - 策略 7416w114037s7c8 收到新的交易信息
2025-06-01 12:09:47 - INFO - 策略 7416w114037s7c8 收到新的交易信息
2025-06-01 12:09:47 - INFO - 策略 7416w114037s7c8 收到新的交易信息
2025-06-01 12:09:48 - INFO - 策略 7416w114037s7c8 收到新的交易信息
2025-06-01 12:09:48 - INFO - 策略 7416w114037s7c8 收到新的交易信息
2025-06-01 12:09:48 - INFO - 策略 7416w114037s7c8 收到新的交易信息
2025-06-01 12:31:22 - INFO - 找到 1 个活跃的策略
2025-06-01 12:31:22 - INFO - 启动策略: wangba (用户: test1, id=7416w114037s7c8)
2025-06-01 12:31:22 - INFO - 开始启动数据源...
2025-06-01 12:31:22 - INFO - 开始监听策略的运行状态...
2025-06-01 12:31:23 - INFO - 开始监听交易信息...
2025-06-01 12:31:39 - INFO - 退出监听
2025-06-01 12:31:49 - INFO - 找到 1 个活跃的策略
2025-06-01 12:31:50 - INFO - 启动策略: wangba (用户: test1, id=7416w114037s7c8)
2025-06-01 12:31:50 - INFO - 开始启动数据源...
2025-06-01 12:31:50 - INFO - 开始监听策略的运行状态...
2025-06-01 12:31:50 - INFO - 开始监听交易信息...
2025-06-01 12:31:59 - INFO - 策略 7416w114037s7c8 收到新的交易信息
2025-06-01 12:31:59 - INFO - 策略 7416w114037s7c8 收到新的交易信息
2025-06-01 12:32:00 - INFO - 策略 7416w114037s7c8 收到新的交易信息
2025-06-01 12:32:00 - INFO - 策略 7416w114037s7c8 收到新的交易信息
2025-06-01 12:32:00 - INFO - 策略 7416w114037s7c8 收到新的交易信息
2025-06-01 12:32:00 - INFO - 策略 7416w114037s7c8 收到新的交易信息
2025-06-01 12:34:22 - INFO - 找到 1 个活跃的策略
2025-06-01 12:34:22 - INFO - 启动策略: wangba (用户: test1, id=7416w114037s7c8)
2025-06-01 12:34:22 - INFO - 开始启动数据源...
2025-06-01 12:34:22 - INFO - 开始监听策略的运行状态...
2025-06-01 12:34:23 - INFO - 开始监听交易信息...
2025-06-01 12:34:29 - INFO - 策略 7416w114037s7c8 收到新的交易信息
2025-06-01 12:34:29 - INFO - 策略 7416w114037s7c8 收到新的交易信息
2025-06-01 12:34:29 - INFO - 策略 7416w114037s7c8 收到新的交易信息
2025-06-01 12:34:29 - INFO - 策略 7416w114037s7c8 收到新的交易信息
2025-06-01 12:34:29 - INFO - 策略 7416w114037s7c8 收到新的交易信息
2025-06-01 12:34:29 - INFO - 策略 7416w114037s7c8 收到新的交易信息
2025-06-01 12:35:07 - INFO - 退出监听
2025-06-01 12:43:18 - INFO - 找到 1 个活跃的策略
2025-06-01 12:43:19 - INFO - 启动策略: wangba (用户: test1, id=7416w114037s7c8)
2025-06-01 12:43:19 - INFO - 开始启动数据源...
2025-06-01 12:43:19 - INFO - 开始监听策略的运行状态...
2025-06-01 12:43:19 - INFO - 开始监听交易信息...
2025-06-01 12:43:29 - INFO - 策略 7416w114037s7c8 收到新的交易信息
2025-06-01 12:43:29 - INFO - 策略 7416w114037s7c8 收到新的交易信息
2025-06-01 12:43:29 - INFO - 策略 7416w114037s7c8 收到新的交易信息
2025-06-01 12:43:29 - INFO - 策略 7416w114037s7c8 收到新的交易信息
2025-06-01 12:43:29 - INFO - 策略 7416w114037s7c8 收到新的交易信息
2025-06-01 12:43:29 - INFO - 策略 7416w114037s7c8 收到新的交易信息
2025-06-01 12:46:50 - INFO - 找到 1 个活跃的策略
2025-06-01 12:46:51 - INFO - 启动策略: wangba (用户: test1, id=7416w114037s7c8)
2025-06-01 12:46:51 - INFO - 开始启动数据源...
2025-06-01 12:46:51 - INFO - 开始监听策略的运行状态...
2025-06-01 12:46:52 - INFO - 开始监听交易信息...
2025-06-01 12:46:55 - INFO - 策略 7416w114037s7c8 收到新的交易信息
2025-06-01 12:46:55 - INFO - 策略 7416w114037s7c8 收到新的交易信息
2025-06-01 12:46:55 - INFO - 策略 7416w114037s7c8 收到新的交易信息
2025-06-01 12:46:55 - INFO - 策略 7416w114037s7c8 收到新的交易信息
2025-06-01 12:46:55 - INFO - 策略 7416w114037s7c8 收到新的交易信息
2025-06-01 12:46:55 - INFO - 策略 7416w114037s7c8 收到新的交易信息
2025-06-01 15:59:55 - INFO - 找到 1 个活跃的策略
2025-06-01 15:59:56 - INFO - 启动策略: wangba (用户: test1, id=7416w114037s7c8)
2025-06-01 15:59:56 - INFO - 开始启动数据源...
2025-06-01 15:59:56 - INFO - 开始监听策略的运行状态...
2025-06-01 15:59:57 - INFO - 开始监听交易信息...
2025-06-01 16:00:07 - INFO - 策略 7416w114037s7c8 收到新的交易信息
2025-06-01 16:00:07 - INFO - 策略 7416w114037s7c8 收到新的交易信息
2025-06-01 16:00:07 - INFO - 策略 7416w114037s7c8 收到新的交易信息
2025-06-01 16:00:07 - INFO - 策略 7416w114037s7c8 收到新的交易信息
2025-06-01 16:00:07 - INFO - 策略 7416w114037s7c8 收到新的交易信息
2025-06-01 16:00:07 - INFO - 策略 7416w114037s7c8 收到新的交易信息
2025-06-01 16:11:24 - INFO - 找到 1 个活跃的策略
2025-06-01 16:11:25 - INFO - 启动策略: wangba (用户: test1, id=7416w114037s7c8)
2025-06-01 16:11:25 - INFO - 开始启动数据源...
2025-06-01 16:11:25 - INFO - 开始监听策略的运行状态...
2025-06-01 16:11:26 - INFO - 开始监听交易信息...
2025-06-01 16:11:41 - INFO - 策略 7416w114037s7c8 收到新的交易信息
2025-06-01 16:11:41 - INFO - 策略 7416w114037s7c8 收到新的交易信息
2025-06-01 16:11:41 - INFO - 策略 7416w114037s7c8 收到新的交易信息
2025-06-01 16:11:41 - INFO - 策略 7416w114037s7c8 收到新的交易信息
2025-06-01 16:11:41 - INFO - 策略 7416w114037s7c8 收到新的交易信息
2025-06-01 16:11:41 - INFO - 策略 7416w114037s7c8 收到新的交易信息
2025-06-01 16:17:30 - INFO - 退出监听
2025-06-01 16:17:52 - INFO - 找到 1 个活跃的策略
2025-06-01 16:17:53 - INFO - 启动策略: wangba (用户: test1, id=7416w114037s7c8)
2025-06-01 16:17:53 - INFO - 开始启动数据源...
2025-06-01 16:17:53 - INFO - 开始监听策略的运行状态...
2025-06-01 16:17:54 - INFO - 开始监听交易信息...
2025-06-01 16:18:28 - INFO - 策略 7416w114037s7c8 收到新的交易信息
2025-06-01 16:18:28 - INFO - 策略 7416w114037s7c8 收到新的交易信息
2025-06-01 16:18:28 - INFO - 策略 7416w114037s7c8 收到新的交易信息
2025-06-01 16:18:28 - INFO - 策略 7416w114037s7c8 收到新的交易信息
2025-06-01 16:18:28 - INFO - 策略 7416w114037s7c8 收到新的交易信息
2025-06-01 16:18:28 - INFO - 策略 7416w114037s7c8 收到新的交易信息
2025-06-01 16:19:33 - INFO - 找到 1 个活跃的策略
2025-06-01 16:19:34 - INFO - 启动策略: wangba (用户: test1, id=7416w114037s7c8)
2025-06-01 16:19:34 - INFO - 开始启动数据源...
2025-06-01 16:19:34 - INFO - 开始监听策略的运行状态...
2025-06-01 16:19:34 - INFO - 开始监听交易信息...
2025-06-01 16:19:39 - INFO - 策略 7416w114037s7c8 收到新的交易信息
2025-06-01 16:19:39 - INFO - 策略 7416w114037s7c8 收到新的交易信息
2025-06-01 16:19:39 - INFO - 策略 7416w114037s7c8 收到新的交易信息
2025-06-01 16:19:39 - INFO - 策略 7416w114037s7c8 收到新的交易信息
2025-06-01 16:19:39 - INFO - 策略 7416w114037s7c8 收到新的交易信息
2025-06-01 16:19:39 - INFO - 策略 7416w114037s7c8 收到新的交易信息
2025-06-01 16:24:21 - INFO - 退出监听
2025-06-01 16:24:45 - INFO - 找到 1 个活跃的策略
2025-06-01 16:24:46 - INFO - 启动策略: wangba (用户: test1, id=7416w114037s7c8)
2025-06-01 16:24:46 - INFO - 开始启动数据源...
2025-06-01 16:24:46 - INFO - 开始监听策略的运行状态...
2025-06-01 16:24:46 - INFO - 开始监听交易信息...
2025-06-01 16:24:54 - INFO - 策略 7416w114037s7c8 收到新的交易信息
2025-06-01 16:24:54 - INFO - 策略 7416w114037s7c8 收到新的交易信息
2025-06-01 16:24:54 - INFO - 策略 7416w114037s7c8 收到新的交易信息
2025-06-01 16:24:54 - INFO - 策略 7416w114037s7c8 收到新的交易信息
2025-06-01 16:24:54 - INFO - 策略 7416w114037s7c8 收到新的交易信息
2025-06-01 16:24:54 - INFO - 策略 7416w114037s7c8 收到新的交易信息
2025-06-01 16:28:47 - INFO - 退出监听
2025-06-01 16:28:56 - INFO - 找到 1 个活跃的策略
2025-06-01 16:28:56 - INFO - 启动策略: wangba (用户: test1, id=7416w114037s7c8)
2025-06-01 16:28:56 - INFO - 开始启动数据源...
2025-06-01 16:28:56 - INFO - 开始监听策略的运行状态...
2025-06-01 16:30:54 - INFO - 开始监听交易信息...
2025-06-01 16:31:01 - INFO - 策略 7416w114037s7c8 收到新的交易信息
2025-06-01 16:31:01 - INFO - 策略 7416w114037s7c8 收到新的交易信息
2025-06-01 16:31:01 - INFO - 策略 7416w114037s7c8 收到新的交易信息
2025-06-01 16:31:01 - INFO - 策略 7416w114037s7c8 收到新的交易信息
2025-06-01 16:31:01 - INFO - 策略 7416w114037s7c8 收到新的交易信息
2025-06-01 16:31:01 - INFO - 策略 7416w114037s7c8 收到新的交易信息
2025-06-01 16:43:49 - INFO - 找到 1 个活跃的策略
2025-06-01 16:43:50 - INFO - 启动策略: wangba (用户: test1, id=7416w114037s7c8)
2025-06-01 16:43:50 - INFO - 开始启动数据源...
2025-06-01 16:43:50 - INFO - 开始监听策略的运行状态...
2025-06-01 16:43:57 - INFO - 开始监听交易信息...
2025-06-01 16:44:22 - INFO - 策略 7416w114037s7c8 收到新的交易信息
2025-06-01 16:44:22 - INFO - 策略 7416w114037s7c8 收到新的交易信息
2025-06-01 16:44:22 - INFO - 策略 7416w114037s7c8 收到新的交易信息
2025-06-01 16:44:22 - INFO - 策略 7416w114037s7c8 收到新的交易信息
2025-06-01 16:44:22 - INFO - 策略 7416w114037s7c8 收到新的交易信息
2025-06-01 16:44:22 - INFO - 策略 7416w114037s7c8 收到新的交易信息
2025-06-01 16:46:33 - INFO - 找到 1 个活跃的策略
2025-06-01 16:46:34 - INFO - 启动策略: wangba (用户: test1, id=7416w114037s7c8)
2025-06-01 16:46:34 - INFO - 开始启动数据源...
2025-06-01 16:46:34 - INFO - 开始监听策略的运行状态...
2025-06-01 16:46:34 - INFO - 开始监听交易信息...
2025-06-01 16:46:40 - INFO - 策略 7416w114037s7c8 收到新的交易信息
2025-06-01 16:46:40 - INFO - 策略 7416w114037s7c8 收到新的交易信息
2025-06-01 16:46:40 - INFO - 策略 7416w114037s7c8 收到新的交易信息
2025-06-01 16:46:40 - INFO - 策略 7416w114037s7c8 收到新的交易信息
2025-06-01 16:46:40 - INFO - 策略 7416w114037s7c8 收到新的交易信息
2025-06-01 16:46:40 - INFO - 策略 7416w114037s7c8 收到新的交易信息
2025-06-01 16:47:54 - INFO - 退出监听
2025-06-01 16:48:04 - INFO - 找到 1 个活跃的策略
2025-06-01 16:48:05 - INFO - 启动策略: wangba (用户: test1, id=7416w114037s7c8)
2025-06-01 16:48:05 - INFO - 开始启动数据源...
2025-06-01 16:48:05 - INFO - 开始监听策略的运行状态...
2025-06-01 16:48:06 - INFO - 开始监听交易信息...
2025-06-01 16:48:11 - INFO - 策略 7416w114037s7c8 收到新的交易信息
2025-06-01 16:48:11 - INFO - 策略 7416w114037s7c8 收到新的交易信息
2025-06-01 16:48:11 - INFO - 策略 7416w114037s7c8 收到新的交易信息
2025-06-01 16:48:11 - INFO - 策略 7416w114037s7c8 收到新的交易信息
2025-06-01 16:48:11 - INFO - 策略 7416w114037s7c8 收到新的交易信息
2025-06-01 16:48:11 - INFO - 策略 7416w114037s7c8 收到新的交易信息
2025-06-01 16:49:32 - INFO - 策略 7416w114037s7c8 收到新的交易信息
2025-06-01 16:49:32 - INFO - 策略 7416w114037s7c8 收到新的交易信息
2025-06-01 16:49:32 - INFO - 策略 7416w114037s7c8 收到新的交易信息
2025-06-01 16:49:32 - INFO - 策略 7416w114037s7c8 收到新的交易信息
2025-06-01 16:49:32 - INFO - 策略 7416w114037s7c8 收到新的交易信息
2025-06-01 16:49:32 - INFO - 策略 7416w114037s7c8 收到新的交易信息
2025-06-01 16:50:22 - INFO - 退出监听
2025-06-01 16:50:35 - INFO - 找到 1 个活跃的策略
2025-06-01 16:50:35 - INFO - 启动策略: wangba (用户: test1, id=7416w114037s7c8)
2025-06-01 16:50:35 - INFO - 开始启动数据源...
2025-06-01 16:50:35 - INFO - 开始监听策略的运行状态...
2025-06-01 16:50:36 - INFO - 开始监听交易信息...
2025-06-01 16:50:43 - INFO - 策略 7416w114037s7c8 收到新的交易信息
2025-06-01 16:50:43 - INFO - 策略 7416w114037s7c8 收到新的交易信息
2025-06-01 16:50:43 - INFO - 策略 7416w114037s7c8 收到新的交易信息
2025-06-01 16:50:43 - INFO - 策略 7416w114037s7c8 收到新的交易信息
2025-06-01 16:50:43 - INFO - 策略 7416w114037s7c8 收到新的交易信息
2025-06-01 16:50:43 - INFO - 策略 7416w114037s7c8 收到新的交易信息
2025-06-01 16:52:04 - INFO - 退出监听
2025-06-01 16:52:12 - INFO - 找到 1 个活跃的策略
2025-06-01 16:52:12 - INFO - 启动策略: wangba (用户: test1, id=7416w114037s7c8)
2025-06-01 16:52:12 - INFO - 开始启动数据源...
2025-06-01 16:52:13 - INFO - 开始监听策略的运行状态...
2025-06-01 16:52:13 - INFO - 开始监听交易信息...
2025-06-01 16:52:26 - INFO - 策略 7416w114037s7c8 收到新的交易信息
2025-06-01 16:52:26 - INFO - 策略 7416w114037s7c8 收到新的交易信息
2025-06-01 16:52:26 - INFO - 策略 7416w114037s7c8 收到新的交易信息
2025-06-01 16:52:26 - INFO - 策略 7416w114037s7c8 收到新的交易信息
2025-06-01 16:52:26 - INFO - 策略 7416w114037s7c8 收到新的交易信息
2025-06-01 16:52:26 - INFO - 策略 7416w114037s7c8 收到新的交易信息
2025-06-01 16:52:31 - INFO - 退出监听
2025-06-01 16:54:30 - INFO - 找到 1 个活跃的策略
2025-06-01 16:54:31 - INFO - 启动策略: wangba (用户: test1, id=7416w114037s7c8)
2025-06-01 16:54:31 - INFO - 开始启动数据源...
2025-06-01 16:54:31 - INFO - 开始监听策略的运行状态...
2025-06-01 16:54:32 - INFO - 开始监听交易信息...
2025-06-01 16:55:03 - INFO - 找到 1 个活跃的策略
2025-06-01 16:55:03 - INFO - 启动策略: wangba (用户: test1, id=7416w114037s7c8)
2025-06-01 16:55:03 - INFO - 开始启动数据源...
2025-06-01 16:55:04 - INFO - 开始监听策略的运行状态...
2025-06-01 16:57:14 - INFO - 开始监听交易信息...
2025-06-01 16:59:18 - INFO - 找到 1 个活跃的策略
2025-06-01 16:59:18 - INFO - 启动策略: wangba (用户: test1, id=7416w114037s7c8)
2025-06-01 16:59:18 - INFO - 开始启动数据源...
2025-06-01 16:59:19 - INFO - 开始监听策略的运行状态...
2025-06-01 16:59:25 - INFO - 开始监听交易信息...
2025-06-01 17:03:43 - INFO - 找到 1 个活跃的策略
2025-06-01 17:03:44 - INFO - 启动策略: wangba (用户: test1, id=7416w114037s7c8)
2025-06-01 17:03:44 - INFO - 开始启动数据源...
2025-06-01 17:03:44 - INFO - 开始监听策略的运行状态...
2025-06-01 17:04:24 - INFO - 开始监听交易信息...
2025-06-01 17:22:04 - INFO - 找到 1 个活跃的策略
2025-06-01 17:22:04 - INFO - 启动策略: wangba (用户: test1, id=7416w114037s7c8)
2025-06-01 17:22:04 - INFO - 开始启动数据源...
2025-06-01 17:22:05 - INFO - 开始监听策略的运行状态...
2025-06-01 17:23:36 - INFO - 找到 1 个活跃的策略
2025-06-01 17:23:37 - INFO - 启动策略: wangba (用户: test1, id=7416w114037s7c8)
2025-06-01 17:23:37 - INFO - 开始启动数据源...
2025-06-01 17:23:37 - INFO - 开始监听策略的运行状态...
2025-06-01 17:23:45 - INFO - 开始监听交易信息...
2025-06-01 17:24:30 - INFO - 策略 7416w114037s7c8 收到新的交易信息
2025-06-01 17:24:35 - INFO - 策略 7416w114037s7c8 收到新的交易信息
2025-06-01 17:24:35 - INFO - 策略 7416w114037s7c8 收到新的交易信息
2025-06-01 17:24:35 - INFO - 策略 7416w114037s7c8 收到新的交易信息
2025-06-01 17:24:35 - INFO - 策略 7416w114037s7c8 收到新的交易信息
2025-06-01 17:24:35 - INFO - 策略 7416w114037s7c8 收到新的交易信息
2025-06-01 17:39:09 - INFO - 策略 7416w114037s7c8 收到新的交易信息
2025-06-01 17:39:09 - INFO - 策略 7416w114037s7c8 收到新的交易信息
2025-06-01 17:39:09 - INFO - 策略 7416w114037s7c8 收到新的交易信息
2025-06-01 17:39:09 - INFO - 策略 7416w114037s7c8 收到新的交易信息
2025-06-01 17:39:09 - INFO - 策略 7416w114037s7c8 收到新的交易信息
2025-06-01 17:39:09 - INFO - 策略 7416w114037s7c8 收到新的交易信息
2025-06-01 17:43:24 - INFO - 找到 1 个活跃的策略
2025-06-01 17:43:25 - INFO - 启动策略: wangba (用户: test1, id=7416w114037s7c8)
2025-06-01 17:43:25 - INFO - 开始启动数据源...
2025-06-01 17:43:25 - INFO - 开始监听策略的运行状态...
2025-06-01 17:43:59 - INFO - 找到 1 个活跃的策略
2025-06-01 17:43:59 - INFO - 启动策略: wangba (用户: test1, id=7416w114037s7c8)
2025-06-01 17:43:59 - INFO - 开始启动数据源...
2025-06-01 17:43:59 - INFO - 开始监听策略的运行状态...
2025-06-01 17:44:00 - INFO - 开始监听交易信息...
2025-06-01 17:44:03 - INFO - 策略 7416w114037s7c8 收到新的交易信息
2025-06-01 17:44:03 - INFO - 策略 7416w114037s7c8 收到新的交易信息
2025-06-01 17:44:03 - INFO - 策略 7416w114037s7c8 收到新的交易信息
2025-06-01 17:44:03 - INFO - 策略 7416w114037s7c8 收到新的交易信息
2025-06-01 17:44:03 - INFO - 策略 7416w114037s7c8 收到新的交易信息
2025-06-01 17:44:03 - INFO - 策略 7416w114037s7c8 收到新的交易信息
2025-06-01 17:50:47 - INFO - 找到 1 个活跃的策略
2025-06-01 17:50:47 - INFO - 启动策略: wangba (用户: test1, id=7416w114037s7c8)
2025-06-01 17:50:47 - INFO - 开始启动数据源...
2025-06-01 17:50:47 - INFO - 开始监听策略的运行状态...
2025-06-01 17:50:48 - INFO - 开始监听交易信息...
2025-06-01 17:50:53 - INFO - 策略 7416w114037s7c8 收到新的交易信息
2025-06-01 17:50:53 - INFO - 策略 7416w114037s7c8 收到新的交易信息
2025-06-01 17:50:53 - INFO - 策略 7416w114037s7c8 收到新的交易信息
2025-06-01 17:50:53 - INFO - 策略 7416w114037s7c8 收到新的交易信息
2025-06-01 17:50:53 - INFO - 策略 7416w114037s7c8 收到新的交易信息
2025-06-01 17:50:53 - INFO - 策略 7416w114037s7c8 收到新的交易信息
2025-06-01 17:51:01 - INFO - 策略 7416w114037s7c8 收到新的交易信息
2025-06-01 17:51:01 - INFO - 策略 7416w114037s7c8 收到新的交易信息
2025-06-01 17:51:01 - INFO - 策略 7416w114037s7c8 收到新的交易信息
2025-06-01 17:51:01 - INFO - 策略 7416w114037s7c8 收到新的交易信息
2025-06-01 17:51:01 - INFO - 策略 7416w114037s7c8 收到新的交易信息
2025-06-01 17:51:01 - INFO - 策略 7416w114037s7c8 收到新的交易信息
2025-06-01 17:51:05 - INFO - 策略 7416w114037s7c8 收到新的交易信息
2025-06-01 17:51:05 - INFO - 策略 7416w114037s7c8 收到新的交易信息
2025-06-01 17:51:05 - INFO - 策略 7416w114037s7c8 收到新的交易信息
2025-06-01 17:51:05 - INFO - 策略 7416w114037s7c8 收到新的交易信息
2025-06-01 17:51:05 - INFO - 策略 7416w114037s7c8 收到新的交易信息
2025-06-01 17:51:05 - INFO - 策略 7416w114037s7c8 收到新的交易信息
2025-06-01 17:51:09 - INFO - 策略 7416w114037s7c8 收到新的交易信息
2025-06-01 17:51:09 - INFO - 策略 7416w114037s7c8 收到新的交易信息
2025-06-01 17:51:09 - INFO - 策略 7416w114037s7c8 收到新的交易信息
2025-06-01 17:51:09 - INFO - 策略 7416w114037s7c8 收到新的交易信息
2025-06-01 17:51:09 - INFO - 策略 7416w114037s7c8 收到新的交易信息
2025-06-01 17:51:09 - INFO - 策略 7416w114037s7c8 收到新的交易信息
2025-06-01 17:51:12 - INFO - 策略 7416w114037s7c8 收到新的交易信息
2025-06-01 17:51:12 - INFO - 策略 7416w114037s7c8 收到新的交易信息
2025-06-01 17:51:12 - INFO - 策略 7416w114037s7c8 收到新的交易信息
2025-06-01 17:51:12 - INFO - 策略 7416w114037s7c8 收到新的交易信息
2025-06-01 17:51:12 - INFO - 策略 7416w114037s7c8 收到新的交易信息
2025-06-01 17:51:12 - INFO - 策略 7416w114037s7c8 收到新的交易信息
2025-06-01 17:51:34 - INFO - 策略 7416w114037s7c8 收到新的交易信息
2025-06-01 17:51:34 - INFO - 策略 7416w114037s7c8 收到新的交易信息
2025-06-01 17:51:34 - INFO - 策略 7416w114037s7c8 收到新的交易信息
2025-06-01 17:51:34 - INFO - 策略 7416w114037s7c8 收到新的交易信息
2025-06-01 17:51:34 - INFO - 策略 7416w114037s7c8 收到新的交易信息
2025-06-01 17:51:43 - INFO - 策略 7416w114037s7c8 收到新的交易信息
2025-06-01 17:51:43 - INFO - 策略 7416w114037s7c8 收到新的交易信息
2025-06-01 17:51:43 - INFO - 策略 7416w114037s7c8 收到新的交易信息
2025-06-01 17:51:43 - INFO - 策略 7416w114037s7c8 收到新的交易信息
2025-06-01 17:51:43 - INFO - 策略 7416w114037s7c8 收到新的交易信息
2025-06-01 17:51:50 - INFO - 策略 7416w114037s7c8 收到新的交易信息
2025-06-01 17:51:50 - INFO - 策略 7416w114037s7c8 收到新的交易信息
2025-06-01 17:51:50 - INFO - 策略 7416w114037s7c8 收到新的交易信息
2025-06-01 17:51:50 - INFO - 策略 7416w114037s7c8 收到新的交易信息
2025-06-01 17:51:50 - INFO - 策略 7416w114037s7c8 收到新的交易信息
2025-06-01 17:51:55 - INFO - 策略 7416w114037s7c8 收到新的交易信息
2025-06-01 17:51:55 - INFO - 策略 7416w114037s7c8 收到新的交易信息
2025-06-01 17:51:55 - INFO - 策略 7416w114037s7c8 收到新的交易信息
2025-06-01 17:51:55 - INFO - 策略 7416w114037s7c8 收到新的交易信息
2025-06-01 17:51:55 - INFO - 策略 7416w114037s7c8 收到新的交易信息
2025-06-01 17:52:22 - INFO - 退出监听
2025-06-01 17:52:49 - INFO - 找到 1 个活跃的策略
2025-06-01 17:52:50 - INFO - 启动策略: wangba (用户: test1, id=7416w114037s7c8)
2025-06-01 17:52:50 - INFO - 开始启动数据源...
2025-06-01 17:52:50 - INFO - 开始监听策略的运行状态...
2025-06-01 17:52:50 - INFO - 开始监听交易信息...
2025-06-01 17:52:56 - INFO - 策略 7416w114037s7c8 收到新的交易信息
2025-06-01 17:53:11 - INFO - 策略 7416w114037s7c8 收到新的交易信息
2025-06-01 17:53:22 - INFO - 策略 7416w114037s7c8 收到新的交易信息
2025-06-01 17:53:32 - INFO - 策略 7416w114037s7c8 收到新的交易信息
2025-06-02 09:12:34 - INFO - 退出监听
