2025-06-06 09:18:30 - INFO - 找到 1 个活跃的策略
2025-06-06 09:18:31 - INFO - 启动策略: wangba (用户: test1, id=7416w114037s7c8)
2025-06-06 09:18:32 - INFO - 开始启动数据源...
2025-06-06 09:18:32 - INFO - 开始监听策略的运行状态...
2025-06-06 09:18:32 - INFO - 开始监听交易信息...
2025-06-06 09:19:55 - INFO - 策略 7416w114037s7c8 收到新的交易信息
2025-06-06 09:24:08 - INFO - 找到 1 个活跃的策略
2025-06-06 09:24:08 - INFO - 启动策略: wangba (用户: test1, id=7416w114037s7c8)
2025-06-06 09:24:09 - INFO - 开始启动数据源...
2025-06-06 09:24:09 - INFO - 开始监听策略的运行状态...
2025-06-06 09:24:09 - INFO - 开始监听交易信息...
2025-06-06 09:24:13 - INFO - 策略 7416w114037s7c8 收到新的交易信息
2025-06-06 10:27:05 - INFO - 策略 7416w114037s7c8 收到新的交易信息
2025-06-06 10:27:42 - INFO - 策略 7416w114037s7c8 收到新的交易信息
2025-06-06 10:29:07 - INFO - 策略 7416w114037s7c8 收到新的交易信息
2025-06-06 10:29:50 - INFO - 策略 7416w114037s7c8 收到新的交易信息
2025-06-06 10:30:44 - INFO - 策略 7416w114037s7c8 收到新的交易信息
2025-06-06 10:31:01 - INFO - 策略 7416w114037s7c8 收到新的交易信息
2025-06-06 10:31:18 - INFO - 策略 7416w114037s7c8 收到新的交易信息
2025-06-06 10:34:34 - INFO - 找到 1 个活跃的策略
2025-06-06 10:34:35 - INFO - 启动策略: wangba (用户: test1, id=7416w114037s7c8)
2025-06-06 10:34:35 - INFO - 开始启动数据源...
2025-06-06 10:34:35 - INFO - 开始监听策略的运行状态...
2025-06-06 10:34:35 - INFO - 开始监听交易信息...
2025-06-06 10:35:46 - INFO - 找到 1 个活跃的策略
2025-06-06 10:35:46 - INFO - 启动策略: wangba (用户: test1, id=7416w114037s7c8)
2025-06-06 10:35:46 - INFO - 开始启动数据源...
2025-06-06 10:35:47 - INFO - 开始监听策略的运行状态...
2025-06-06 10:35:47 - INFO - 开始监听交易信息...
2025-06-06 10:35:55 - INFO - 策略 7416w114037s7c8 收到新的交易信息
2025-06-06 14:07:37 - INFO - 找到 1 个活跃的策略
2025-06-06 14:07:37 - INFO - 启动策略: wangba (用户: test1, id=7416w114037s7c8)
2025-06-06 14:07:37 - INFO - 开始启动数据源...
2025-06-06 14:07:37 - INFO - 开始监听策略的运行状态...
2025-06-06 14:07:38 - INFO - 开始监听交易信息...
2025-06-06 14:32:54 - INFO - 策略 7416w114037s7c8 收到新的交易信息
2025-06-06 14:40:40 - INFO - 找到 1 个活跃的策略
2025-06-06 14:40:40 - INFO - 启动策略: wangba (用户: test1, id=7416w114037s7c8)
2025-06-06 14:40:40 - INFO - 开始启动数据源...
2025-06-06 14:40:40 - INFO - 开始监听策略的运行状态...
2025-06-06 14:40:40 - INFO - 开始监听交易信息...
2025-06-06 14:41:12 - INFO - 找到 1 个活跃的策略
2025-06-06 14:41:12 - INFO - 启动策略: wangba (用户: test1, id=7416w114037s7c8)
2025-06-06 14:41:13 - INFO - 开始启动数据源...
2025-06-06 14:41:13 - INFO - 开始监听策略的运行状态...
2025-06-06 14:41:13 - INFO - 开始监听交易信息...
2025-06-06 14:42:31 - INFO - 找到 1 个活跃的策略
2025-06-06 14:42:31 - INFO - 启动策略: wangba (用户: test1, id=7416w114037s7c8)
2025-06-06 14:47:49 - INFO - 找到 1 个活跃的策略
2025-06-06 14:47:49 - INFO - 启动策略: wangba (用户: test1, id=7416w114037s7c8)
2025-06-06 14:47:56 - INFO - 开始启动数据源...
2025-06-06 14:47:56 - INFO - 开始监听策略的运行状态...
2025-06-06 14:47:56 - INFO - 开始监听交易信息...
2025-06-06 14:47:57 - INFO - 策略 7416w114037s7c8 收到新的交易信息
2025-06-06 14:53:02 - INFO - 找到 1 个活跃的策略
2025-06-06 14:53:02 - INFO - 启动策略: wangba (用户: test1, id=7416w114037s7c8)
2025-06-06 14:53:02 - INFO - 开始启动数据源...
2025-06-06 14:53:02 - INFO - 开始监听策略的运行状态...
2025-06-06 14:53:03 - INFO - 开始监听交易信息...
2025-06-06 14:55:43 - INFO - 退出监听
2025-06-06 14:55:53 - INFO - 找到 1 个活跃的策略
2025-06-06 14:55:53 - INFO - 启动策略: wangba (用户: test1, id=7416w114037s7c8)
2025-06-06 14:55:53 - INFO - 开始启动数据源...
2025-06-06 14:55:53 - INFO - 开始监听策略的运行状态...
2025-06-06 14:55:53 - INFO - 开始监听交易信息...
2025-06-06 14:55:54 - INFO - 策略 7416w114037s7c8 收到新的交易信息
2025-06-06 14:57:09 - INFO - 找到 1 个活跃的策略
2025-06-06 14:57:09 - INFO - 启动策略: wangba (用户: test1, id=7416w114037s7c8)
2025-06-06 14:57:10 - INFO - 开始启动数据源...
2025-06-06 14:57:10 - INFO - 开始监听策略的运行状态...
2025-06-06 14:57:10 - INFO - 开始监听交易信息...
2025-06-06 14:57:12 - INFO - 策略 7416w114037s7c8 收到新的交易信息
2025-06-06 14:57:58 - INFO - 找到 1 个活跃的策略
2025-06-06 14:57:58 - INFO - 启动策略: wangba (用户: test1, id=7416w114037s7c8)
2025-06-06 14:57:59 - INFO - 开始启动数据源...
2025-06-06 14:58:00 - INFO - 开始监听策略的运行状态...
2025-06-06 14:58:00 - INFO - 开始监听交易信息...
2025-06-06 14:59:10 - INFO - 找到 1 个活跃的策略
2025-06-06 14:59:10 - INFO - 启动策略: wangba (用户: test1, id=7416w114037s7c8)
2025-06-06 14:59:13 - INFO - 开始启动数据源...
2025-06-06 14:59:13 - INFO - 开始监听策略的运行状态...
2025-06-06 14:59:13 - INFO - 开始监听交易信息...
