2025-05-28 10:06:39 - INFO - 找到 1 个活跃的策略
2025-05-28 10:06:39 - INFO - 启动策略: wangba (用户: test1, id=7416w114037s7c8)
2025-05-28 10:06:39 - INFO - 开始启动数据源...
2025-05-28 10:06:40 - INFO - 开始监听策略的运行状态...
2025-05-28 10:08:57 - INFO - 找到 1 个活跃的策略
2025-05-28 10:08:57 - INFO - 启动策略: wangba (用户: test1, id=7416w114037s7c8)
2025-05-28 10:08:57 - INFO - 开始启动数据源...
2025-05-28 10:08:57 - INFO - 开始监听策略的运行状态...
2025-05-28 10:09:38 - INFO - 开始监听交易信息...
2025-05-28 10:26:18 - INFO - 找到 1 个活跃的策略
2025-05-28 10:26:19 - INFO - 启动策略: wangba (用户: test1, id=7416w114037s7c8)
2025-05-28 10:26:19 - INFO - 开始启动数据源...
2025-05-28 10:26:19 - INFO - 开始监听策略的运行状态...
2025-05-28 10:27:53 - INFO - 开始监听交易信息...
2025-05-28 10:33:18 - INFO - 找到 1 个活跃的策略
2025-05-28 10:33:19 - INFO - 启动策略: wangba (用户: test1, id=7416w114037s7c8)
2025-05-28 10:33:19 - INFO - 开始启动数据源...
2025-05-28 10:33:19 - INFO - 开始监听策略的运行状态...
2025-05-28 10:35:45 - INFO - 找到 1 个活跃的策略
2025-05-28 10:35:45 - INFO - 启动策略: wangba (用户: test1, id=7416w114037s7c8)
2025-05-28 10:35:45 - INFO - 开始启动数据源...
2025-05-28 10:35:45 - INFO - 开始监听策略的运行状态...
2025-05-28 10:35:52 - INFO - 开始监听交易信息...
2025-05-28 10:43:44 - INFO - 找到 1 个活跃的策略
2025-05-28 10:43:45 - INFO - 启动策略: wangba (用户: test1, id=7416w114037s7c8)
2025-05-28 10:43:45 - INFO - 开始启动数据源...
2025-05-28 10:43:45 - INFO - 开始监听策略的运行状态...
2025-05-28 10:43:48 - INFO - 开始监听交易信息...
2025-05-28 10:45:24 - INFO - 找到 1 个活跃的策略
2025-05-28 10:45:24 - INFO - 启动策略: wangba (用户: test1, id=7416w114037s7c8)
2025-05-28 10:45:24 - INFO - 开始启动数据源...
2025-05-28 10:45:24 - INFO - 开始监听策略的运行状态...
2025-05-28 10:45:29 - INFO - 开始监听交易信息...
2025-05-28 10:46:06 - ERROR - 策略 wangba 执行出错: 'underlying'
2025-05-28 10:46:06 - ERROR - 策略 wangba (ID: 7416w114037s7c8) 发生错误: 'underlying'
2025-05-28 10:46:06 - WARNING - 策略 wangba (ID: 7416w114037s7c8) 将在 5 秒后重试
2025-05-28 10:46:26 - INFO - 找到 1 个活跃的策略
2025-05-28 10:46:26 - INFO - 启动策略: wangba (用户: test1, id=7416w114037s7c8)
2025-05-28 10:46:26 - INFO - 开始启动数据源...
2025-05-28 10:46:27 - INFO - 开始监听策略的运行状态...
2025-05-28 10:48:33 - INFO - 找到 1 个活跃的策略
2025-05-28 10:48:34 - INFO - 启动策略: wangba (用户: test1, id=7416w114037s7c8)
2025-05-28 10:48:34 - INFO - 开始启动数据源...
2025-05-28 10:48:34 - INFO - 开始监听策略的运行状态...
2025-05-28 10:55:32 - INFO - 找到 1 个活跃的策略
2025-05-28 10:55:33 - INFO - 启动策略: wangba (用户: test1, id=7416w114037s7c8)
2025-05-28 10:55:33 - INFO - 开始启动数据源...
2025-05-28 10:55:33 - INFO - 开始监听策略的运行状态...
2025-05-28 10:55:43 - INFO - 开始监听交易信息...
2025-05-28 11:01:08 - INFO - 找到 1 个活跃的策略
2025-05-28 11:01:09 - INFO - 启动策略: wangba (用户: test1, id=7416w114037s7c8)
2025-05-28 11:01:09 - INFO - 开始启动数据源...
2025-05-28 11:01:09 - INFO - 开始监听策略的运行状态...
2025-05-28 11:01:19 - ERROR - 策略 wangba 执行出错: Parser must be a string or character stream, not int
2025-05-28 11:01:19 - ERROR - 策略 wangba (ID: 7416w114037s7c8) 发生错误: Parser must be a string or character stream, not int
2025-05-28 11:01:19 - WARNING - 策略 wangba (ID: 7416w114037s7c8) 将在 5 秒后重试
2025-05-28 11:01:19 - INFO - 开始监听交易信息...
2025-05-28 11:01:40 - INFO - 找到 1 个活跃的策略
2025-05-28 11:01:41 - INFO - 启动策略: wangba (用户: test1, id=7416w114037s7c8)
2025-05-28 11:01:41 - INFO - 开始启动数据源...
2025-05-28 11:01:41 - INFO - 开始监听策略的运行状态...
2025-05-28 11:02:18 - ERROR - 策略 wangba 执行出错: Parser must be a string or character stream, not int
2025-05-28 11:02:18 - ERROR - 策略 wangba (ID: 7416w114037s7c8) 发生错误: Parser must be a string or character stream, not int
2025-05-28 11:02:18 - WARNING - 策略 wangba (ID: 7416w114037s7c8) 将在 5 秒后重试
2025-05-28 11:02:18 - INFO - 开始监听交易信息...
2025-05-28 11:04:15 - INFO - 找到 1 个活跃的策略
2025-05-28 11:04:16 - INFO - 启动策略: wangba (用户: test1, id=7416w114037s7c8)
2025-05-28 11:04:16 - INFO - 开始启动数据源...
2025-05-28 11:04:16 - INFO - 开始监听策略的运行状态...
2025-05-28 11:04:58 - INFO - 开始监听交易信息...
2025-05-28 11:06:38 - INFO - 找到 1 个活跃的策略
2025-05-28 11:06:39 - INFO - 启动策略: wangba (用户: test1, id=7416w114037s7c8)
2025-05-28 11:06:39 - INFO - 开始启动数据源...
2025-05-28 11:06:39 - INFO - 开始监听策略的运行状态...
2025-05-28 11:06:54 - INFO - 开始监听交易信息...
2025-05-28 11:07:01 - ERROR - 策略 wangba 执行出错: implied_volatility() takes 6 positional arguments but 7 were given
2025-05-28 11:07:01 - ERROR - 策略 wangba (ID: 7416w114037s7c8) 发生错误: implied_volatility() takes 6 positional arguments but 7 were given
2025-05-28 11:07:01 - WARNING - 策略 wangba (ID: 7416w114037s7c8) 将在 5 秒后重试
2025-05-28 11:07:16 - INFO - 找到 1 个活跃的策略
2025-05-28 11:07:16 - INFO - 启动策略: wangba (用户: test1, id=7416w114037s7c8)
2025-05-28 11:07:16 - INFO - 开始启动数据源...
2025-05-28 11:07:16 - INFO - 开始监听策略的运行状态...
2025-05-28 11:07:19 - INFO - 开始监听交易信息...
2025-05-28 11:10:11 - INFO - 找到 1 个活跃的策略
2025-05-28 11:10:11 - INFO - 启动策略: wangba (用户: test1, id=7416w114037s7c8)
2025-05-28 11:10:11 - INFO - 开始启动数据源...
2025-05-28 11:10:11 - INFO - 开始监听策略的运行状态...
2025-05-28 11:10:14 - INFO - 开始监听交易信息...
2025-05-28 13:18:14 - INFO - 找到 1 个活跃的策略
2025-05-28 13:18:14 - INFO - 启动策略: wangba (用户: test1, id=7416w114037s7c8)
2025-05-28 13:18:14 - INFO - 开始启动数据源...
2025-05-28 13:18:15 - INFO - 开始监听策略的运行状态...
2025-05-28 13:18:15 - ERROR - 策略 wangba 执行出错: 'Record' object has no attribute 'floating_profit'
2025-05-28 13:18:15 - ERROR - 策略 wangba (ID: 7416w114037s7c8) 发生错误: 'Record' object has no attribute 'floating_profit'
2025-05-28 13:18:15 - WARNING - 策略 wangba (ID: 7416w114037s7c8) 将在 5 秒后重试
2025-05-28 13:18:15 - INFO - 开始监听交易信息...
2025-05-28 13:18:56 - INFO - 找到 1 个活跃的策略
2025-05-28 13:18:57 - INFO - 启动策略: wangba (用户: test1, id=7416w114037s7c8)
2025-05-28 13:18:57 - INFO - 开始启动数据源...
2025-05-28 13:18:57 - INFO - 开始监听策略的运行状态...
2025-05-28 13:18:57 - ERROR - 策略 wangba 执行出错: 'builtin_function_or_method' object is not subscriptable
2025-05-28 13:18:57 - ERROR - 策略 wangba (ID: 7416w114037s7c8) 发生错误: 'builtin_function_or_method' object is not subscriptable
2025-05-28 13:18:57 - WARNING - 策略 wangba (ID: 7416w114037s7c8) 将在 5 秒后重试
2025-05-28 13:18:57 - INFO - 开始监听交易信息...
2025-05-28 13:19:23 - INFO - 找到 1 个活跃的策略
2025-05-28 13:19:23 - INFO - 启动策略: wangba (用户: test1, id=7416w114037s7c8)
2025-05-28 13:19:23 - INFO - 开始启动数据源...
2025-05-28 13:19:23 - INFO - 开始监听策略的运行状态...
2025-05-28 13:19:37 - INFO - 开始监听交易信息...
2025-05-28 13:21:59 - INFO - 找到 1 个活跃的策略
2025-05-28 13:22:00 - INFO - 启动策略: wangba (用户: test1, id=7416w114037s7c8)
2025-05-28 13:22:00 - INFO - 开始启动数据源...
2025-05-28 13:22:00 - INFO - 开始监听策略的运行状态...
2025-05-28 14:05:18 - INFO - 找到 1 个活跃的策略
2025-05-28 14:05:18 - INFO - 启动策略: wangba (用户: test1, id=7416w114037s7c8)
2025-05-28 14:05:18 - INFO - 开始启动数据源...
2025-05-28 14:05:19 - INFO - 开始监听策略的运行状态...
2025-05-28 14:11:54 - INFO - 找到 1 个活跃的策略
2025-05-28 14:11:55 - INFO - 启动策略: wangba (用户: test1, id=7416w114037s7c8)
2025-05-28 14:11:55 - INFO - 开始启动数据源...
2025-05-28 14:11:55 - INFO - 开始监听策略的运行状态...
2025-05-28 14:21:59 - INFO - 找到 1 个活跃的策略
2025-05-28 14:22:00 - INFO - 启动策略: wangba (用户: test1, id=7416w114037s7c8)
2025-05-28 14:22:00 - INFO - 开始启动数据源...
2025-05-28 14:22:00 - INFO - 开始监听策略的运行状态...
2025-05-28 14:25:38 - INFO - 找到 1 个活跃的策略
2025-05-28 14:25:38 - INFO - 启动策略: wangba (用户: test1, id=7416w114037s7c8)
2025-05-28 14:25:38 - INFO - 开始启动数据源...
2025-05-28 14:25:38 - INFO - 开始监听策略的运行状态...
2025-05-28 14:26:48 - INFO - 找到 1 个活跃的策略
2025-05-28 14:26:48 - INFO - 启动策略: wangba (用户: test1, id=7416w114037s7c8)
2025-05-28 14:26:48 - INFO - 开始启动数据源...
2025-05-28 14:26:48 - INFO - 开始监听策略的运行状态...
2025-05-28 14:41:37 - INFO - 找到 1 个活跃的策略
2025-05-28 14:41:37 - INFO - 启动策略: wangba (用户: test1, id=7416w114037s7c8)
2025-05-28 14:41:37 - INFO - 开始启动数据源...
2025-05-28 14:41:37 - INFO - 开始监听策略的运行状态...
2025-05-28 15:00:17 - INFO - 找到 1 个活跃的策略
2025-05-28 15:00:18 - INFO - 启动策略: wangba (用户: test1, id=7416w114037s7c8)
2025-05-28 15:00:18 - INFO - 开始启动数据源...
2025-05-28 15:00:18 - INFO - 开始监听策略的运行状态...
2025-05-28 15:00:18 - INFO - 开始监听交易信息...
2025-05-28 15:14:30 - INFO - 找到 1 个活跃的策略
2025-05-28 15:14:31 - INFO - 启动策略: wangba (用户: test1, id=7416w114037s7c8)
2025-05-28 15:14:31 - INFO - 开始启动数据源...
2025-05-28 15:14:31 - INFO - 开始监听策略的运行状态...
2025-05-28 15:14:37 - INFO - 开始监听交易信息...
2025-05-28 15:20:50 - INFO - 找到 1 个活跃的策略
2025-05-28 15:20:51 - INFO - 启动策略: wangba (用户: test1, id=7416w114037s7c8)
2025-05-28 15:20:51 - INFO - 开始启动数据源...
2025-05-28 15:20:51 - INFO - 开始监听策略的运行状态...
2025-05-28 15:23:05 - INFO - 找到 1 个活跃的策略
2025-05-28 15:23:06 - INFO - 启动策略: wangba (用户: test1, id=7416w114037s7c8)
2025-05-28 15:23:06 - INFO - 开始启动数据源...
2025-05-28 15:23:06 - INFO - 开始监听策略的运行状态...
2025-05-28 15:23:23 - INFO - 开始监听交易信息...
2025-05-28 15:30:22 - INFO - 找到 1 个活跃的策略
2025-05-28 15:30:23 - INFO - 启动策略: wangba (用户: test1, id=7416w114037s7c8)
2025-05-28 15:30:23 - INFO - 开始启动数据源...
2025-05-28 15:30:23 - INFO - 开始监听策略的运行状态...
2025-05-28 15:30:24 - INFO - 开始监听交易信息...
2025-05-28 15:30:24 - ERROR - 策略 wangba 执行出错: can only convert an array of size 1 to a Python scalar
2025-05-28 15:30:24 - ERROR - 策略 wangba (ID: 7416w114037s7c8) 发生错误: can only convert an array of size 1 to a Python scalar
2025-05-28 15:30:24 - WARNING - 策略 wangba (ID: 7416w114037s7c8) 将在 5 秒后重试
2025-05-28 15:30:42 - INFO - 找到 1 个活跃的策略
2025-05-28 15:30:43 - INFO - 启动策略: wangba (用户: test1, id=7416w114037s7c8)
2025-05-28 15:30:43 - INFO - 开始启动数据源...
2025-05-28 15:30:43 - INFO - 开始监听策略的运行状态...
2025-05-28 15:30:44 - INFO - 开始监听交易信息...
2025-05-28 15:30:44 - ERROR - 策略 wangba 执行出错: can only convert an array of size 1 to a Python scalar
2025-05-28 15:30:44 - ERROR - 策略 wangba (ID: 7416w114037s7c8) 发生错误: can only convert an array of size 1 to a Python scalar
2025-05-28 15:30:44 - WARNING - 策略 wangba (ID: 7416w114037s7c8) 将在 5 秒后重试
2025-05-28 15:31:05 - INFO - 找到 1 个活跃的策略
2025-05-28 15:31:05 - INFO - 启动策略: wangba (用户: test1, id=7416w114037s7c8)
2025-05-28 15:31:05 - INFO - 开始启动数据源...
2025-05-28 15:31:06 - INFO - 开始监听策略的运行状态...
2025-05-28 15:31:06 - INFO - 开始监听交易信息...
2025-05-28 15:33:09 - INFO - 找到 1 个活跃的策略
2025-05-28 15:33:10 - INFO - 启动策略: wangba (用户: test1, id=7416w114037s7c8)
2025-05-28 15:33:10 - INFO - 开始启动数据源...
2025-05-28 15:33:10 - INFO - 开始监听策略的运行状态...
2025-05-28 15:33:10 - INFO - 开始监听交易信息...
2025-05-28 15:37:49 - INFO - 找到 1 个活跃的策略
2025-05-28 15:37:49 - INFO - 启动策略: wangba (用户: test1, id=7416w114037s7c8)
2025-05-28 15:37:49 - INFO - 开始启动数据源...
2025-05-28 15:37:49 - INFO - 开始监听策略的运行状态...
2025-05-28 15:37:50 - INFO - 开始监听交易信息...
2025-05-28 16:29:23 - INFO - 找到 1 个活跃的策略
2025-05-28 16:29:24 - INFO - 启动策略: wangba (用户: test1, id=7416w114037s7c8)
2025-05-28 16:29:24 - INFO - 开始启动数据源...
2025-05-28 16:29:24 - INFO - 开始监听策略的运行状态...
2025-05-28 16:41:55 - INFO - 开始监听交易信息...
2025-05-28 16:43:25 - INFO - 找到 1 个活跃的策略
2025-05-28 16:43:25 - INFO - 启动策略: wangba (用户: test1, id=7416w114037s7c8)
2025-05-28 16:43:26 - INFO - 开始启动数据源...
2025-05-28 16:43:26 - INFO - 开始监听策略的运行状态...
2025-05-28 16:44:57 - INFO - 开始监听交易信息...
2025-05-28 16:50:19 - INFO - 找到 1 个活跃的策略
2025-05-28 16:50:19 - INFO - 启动策略: wangba (用户: test1, id=7416w114037s7c8)
2025-05-28 16:50:19 - INFO - 开始启动数据源...
2025-05-28 16:50:19 - INFO - 开始监听策略的运行状态...
2025-05-28 16:50:20 - ERROR - 策略 wangba 执行出错: 'pho'
2025-05-28 16:50:20 - ERROR - 策略 wangba (ID: 7416w114037s7c8) 发生错误: 'pho'
2025-05-28 16:50:20 - WARNING - 策略 wangba (ID: 7416w114037s7c8) 将在 5 秒后重试
2025-05-28 16:50:20 - INFO - 开始监听交易信息...
2025-05-28 16:50:40 - INFO - 找到 1 个活跃的策略
2025-05-28 16:50:41 - INFO - 启动策略: wangba (用户: test1, id=7416w114037s7c8)
2025-05-28 16:50:41 - INFO - 开始启动数据源...
2025-05-28 16:50:41 - INFO - 开始监听策略的运行状态...
2025-05-28 16:52:20 - INFO - 找到 1 个活跃的策略
2025-05-28 16:52:21 - INFO - 启动策略: wangba (用户: test1, id=7416w114037s7c8)
2025-05-28 16:52:21 - INFO - 开始启动数据源...
2025-05-28 16:52:21 - INFO - 开始监听策略的运行状态...
2025-05-28 16:55:39 - INFO - 找到 1 个活跃的策略
2025-05-28 16:55:40 - INFO - 启动策略: wangba (用户: test1, id=7416w114037s7c8)
2025-05-28 16:55:40 - INFO - 开始启动数据源...
2025-05-28 16:55:40 - INFO - 开始监听策略的运行状态...
2025-05-28 16:57:30 - INFO - 找到 1 个活跃的策略
2025-05-28 16:57:31 - INFO - 启动策略: wangba (用户: test1, id=7416w114037s7c8)
2025-05-28 16:57:31 - INFO - 开始启动数据源...
2025-05-28 16:57:31 - INFO - 开始监听策略的运行状态...
2025-05-28 17:13:59 - INFO - 找到 1 个活跃的策略
2025-05-28 17:14:00 - INFO - 启动策略: wangba (用户: test1, id=7416w114037s7c8)
2025-05-28 17:14:00 - INFO - 开始启动数据源...
2025-05-28 17:14:00 - INFO - 开始监听策略的运行状态...
2025-05-28 17:14:07 - INFO - 开始监听交易信息...
2025-05-28 17:14:08 - ERROR - 策略 wangba 执行出错: 'NoneType' object is not subscriptable
2025-05-28 17:14:08 - ERROR - 策略 wangba (ID: 7416w114037s7c8) 发生错误: 'NoneType' object is not subscriptable
2025-05-28 17:14:08 - WARNING - 策略 wangba (ID: 7416w114037s7c8) 将在 5 秒后重试
2025-05-28 17:14:34 - INFO - 找到 1 个活跃的策略
2025-05-28 17:14:34 - INFO - 启动策略: wangba (用户: test1, id=7416w114037s7c8)
2025-05-28 17:14:34 - INFO - 开始启动数据源...
2025-05-28 17:14:34 - INFO - 开始监听策略的运行状态...
2025-05-28 17:14:35 - INFO - 开始监听交易信息...
2025-05-28 17:46:33 - INFO - 找到 1 个活跃的策略
2025-05-28 17:46:33 - INFO - 启动策略: wangba (用户: test1, id=7416w114037s7c8)
2025-05-28 17:46:33 - INFO - 开始启动数据源...
2025-05-28 17:46:33 - INFO - 开始监听策略的运行状态...
2025-05-28 17:46:34 - INFO - 开始监听交易信息...
2025-05-28 18:11:10 - INFO - 找到 1 个活跃的策略
2025-05-28 18:11:11 - INFO - 启动策略: wangba (用户: test1, id=7416w114037s7c8)
2025-05-28 18:11:11 - INFO - 开始启动数据源...
2025-05-28 18:11:11 - INFO - 开始监听策略的运行状态...
2025-05-28 18:11:11 - INFO - 开始监听交易信息...
2025-05-28 18:12:35 - INFO - 找到 1 个活跃的策略
2025-05-28 18:12:36 - INFO - 启动策略: wangba (用户: test1, id=7416w114037s7c8)
2025-05-28 18:12:36 - INFO - 开始启动数据源...
2025-05-28 18:12:36 - INFO - 开始监听策略的运行状态...
2025-05-28 18:12:36 - INFO - 开始监听交易信息...
2025-05-28 18:13:20 - INFO - 找到 1 个活跃的策略
2025-05-28 18:13:20 - INFO - 启动策略: wangba (用户: test1, id=7416w114037s7c8)
2025-05-28 18:13:20 - INFO - 开始启动数据源...
2025-05-28 18:13:20 - INFO - 开始监听策略的运行状态...
2025-05-28 18:13:21 - INFO - 开始监听交易信息...
2025-05-28 18:21:10 - INFO - 找到 1 个活跃的策略
2025-05-28 18:21:10 - INFO - 启动策略: wangba (用户: test1, id=7416w114037s7c8)
2025-05-28 18:21:10 - INFO - 开始启动数据源...
2025-05-28 18:21:10 - INFO - 开始监听策略的运行状态...
2025-05-28 18:21:11 - INFO - 开始监听交易信息...
2025-05-28 18:22:05 - INFO - 找到 1 个活跃的策略
2025-05-28 18:22:05 - INFO - 启动策略: wangba (用户: test1, id=7416w114037s7c8)
2025-05-28 18:22:06 - INFO - 开始启动数据源...
2025-05-28 18:22:06 - INFO - 开始监听策略的运行状态...
2025-05-28 18:22:06 - INFO - 开始监听交易信息...
2025-05-28 18:26:53 - INFO - 找到 1 个活跃的策略
2025-05-28 18:26:53 - INFO - 启动策略: wangba (用户: test1, id=7416w114037s7c8)
2025-05-28 18:26:53 - INFO - 开始启动数据源...
2025-05-28 18:26:54 - INFO - 开始监听策略的运行状态...
2025-05-28 18:26:54 - INFO - 开始监听交易信息...
2025-05-28 18:33:53 - INFO - 找到 1 个活跃的策略
2025-05-28 18:33:54 - INFO - 启动策略: wangba (用户: test1, id=7416w114037s7c8)
2025-05-28 18:33:54 - INFO - 开始启动数据源...
2025-05-28 18:33:54 - INFO - 开始监听策略的运行状态...
2025-05-28 18:33:54 - INFO - 开始监听交易信息...
2025-05-28 18:39:28 - INFO - 找到 1 个活跃的策略
2025-05-28 18:39:28 - INFO - 启动策略: wangba (用户: test1, id=7416w114037s7c8)
2025-05-28 18:39:28 - INFO - 开始启动数据源...
2025-05-28 18:39:28 - INFO - 开始监听策略的运行状态...
2025-05-28 18:39:29 - INFO - 开始监听交易信息...
2025-05-28 18:39:29 - ERROR - 策略 wangba 执行出错: 'margin'
2025-05-28 18:39:29 - ERROR - 策略 wangba (ID: 7416w114037s7c8) 发生错误: 'margin'
2025-05-28 18:39:29 - WARNING - 策略 wangba (ID: 7416w114037s7c8) 将在 5 秒后重试
2025-05-28 18:40:02 - INFO - 找到 1 个活跃的策略
2025-05-28 18:40:02 - INFO - 启动策略: wangba (用户: test1, id=7416w114037s7c8)
2025-05-28 18:40:02 - INFO - 开始启动数据源...
2025-05-28 18:40:02 - INFO - 开始监听策略的运行状态...
2025-05-28 18:40:03 - INFO - 开始监听交易信息...
2025-05-28 18:40:41 - INFO - 找到 1 个活跃的策略
2025-05-28 18:40:41 - INFO - 启动策略: wangba (用户: test1, id=7416w114037s7c8)
2025-05-28 18:40:41 - INFO - 开始启动数据源...
2025-05-28 18:40:42 - INFO - 开始监听策略的运行状态...
2025-05-28 18:40:42 - INFO - 开始监听交易信息...
2025-05-28 18:40:42 - ERROR - 策略 wangba 执行出错: 'NoneType' object does not support item assignment
2025-05-28 18:40:42 - ERROR - 策略 wangba (ID: 7416w114037s7c8) 发生错误: 'NoneType' object does not support item assignment
2025-05-28 18:40:42 - WARNING - 策略 wangba (ID: 7416w114037s7c8) 将在 5 秒后重试
2025-05-28 18:41:19 - INFO - 找到 1 个活跃的策略
2025-05-28 18:41:19 - INFO - 启动策略: wangba (用户: test1, id=7416w114037s7c8)
2025-05-28 18:41:19 - INFO - 开始启动数据源...
2025-05-28 18:41:19 - INFO - 开始监听策略的运行状态...
2025-05-28 18:41:20 - INFO - 开始监听交易信息...
2025-05-28 18:43:54 - INFO - 找到 1 个活跃的策略
2025-05-28 18:43:55 - INFO - 启动策略: wangba (用户: test1, id=7416w114037s7c8)
2025-05-28 18:43:55 - INFO - 开始启动数据源...
2025-05-28 18:43:55 - INFO - 开始监听策略的运行状态...
2025-05-28 18:43:56 - INFO - 开始监听交易信息...
2025-05-28 18:44:14 - INFO - 找到 1 个活跃的策略
2025-05-28 18:44:15 - INFO - 启动策略: wangba (用户: test1, id=7416w114037s7c8)
2025-05-28 18:44:15 - INFO - 开始启动数据源...
2025-05-28 18:44:15 - INFO - 开始监听策略的运行状态...
2025-05-28 18:44:15 - INFO - 开始监听交易信息...
2025-05-28 18:45:22 - INFO - 找到 1 个活跃的策略
2025-05-28 18:45:22 - INFO - 启动策略: wangba (用户: test1, id=7416w114037s7c8)
2025-05-28 18:45:22 - INFO - 开始启动数据源...
2025-05-28 18:45:23 - INFO - 开始监听策略的运行状态...
2025-05-28 18:45:23 - INFO - 开始监听交易信息...
2025-05-28 19:00:59 - INFO - 找到 1 个活跃的策略
2025-05-28 19:01:00 - INFO - 启动策略: wangba (用户: test1, id=7416w114037s7c8)
2025-05-28 19:01:00 - INFO - 开始启动数据源...
2025-05-28 19:01:00 - INFO - 开始监听策略的运行状态...
2025-05-28 19:01:01 - INFO - 开始监听交易信息...
2025-05-28 19:01:35 - INFO - 找到 1 个活跃的策略
2025-05-28 19:01:35 - INFO - 启动策略: wangba (用户: test1, id=7416w114037s7c8)
2025-05-28 19:01:35 - INFO - 开始启动数据源...
2025-05-28 19:01:36 - INFO - 开始监听策略的运行状态...
2025-05-28 19:01:36 - INFO - 开始监听交易信息...
2025-05-28 20:21:38 - INFO - 找到 1 个活跃的策略
2025-05-28 20:21:39 - INFO - 启动策略: wangba (用户: test1, id=7416w114037s7c8)
2025-05-28 20:21:39 - INFO - 开始启动数据源...
2025-05-28 20:21:39 - INFO - 开始监听策略的运行状态...
2025-05-28 20:21:39 - INFO - 开始监听交易信息...
2025-05-28 21:03:15 - INFO - 策略 7416w114037s7c8 收到新的交易信息
2025-05-28 21:04:11 - INFO - 策略 7416w114037s7c8 收到新的交易信息
2025-05-28 21:09:49 - INFO - 策略 7416w114037s7c8 收到新的交易信息
2025-05-28 21:19:12 - INFO - 找到 1 个活跃的策略
2025-05-28 21:19:13 - INFO - 启动策略: wangba (用户: test1, id=7416w114037s7c8)
2025-05-28 21:19:13 - INFO - 开始启动数据源...
2025-05-28 21:19:13 - INFO - 开始监听策略的运行状态...
2025-05-28 21:19:14 - INFO - 开始监听交易信息...
2025-05-28 21:22:53 - INFO - 找到 1 个活跃的策略
2025-05-28 21:22:54 - INFO - 启动策略: wangba (用户: test1, id=7416w114037s7c8)
2025-05-28 21:22:54 - INFO - 开始启动数据源...
2025-05-28 21:22:54 - INFO - 开始监听策略的运行状态...
2025-05-28 21:22:54 - INFO - 开始监听交易信息...
