2025-06-05 07:44:45 - INFO - 找到 1 个活跃的策略
2025-06-05 07:44:45 - INFO - 启动策略: wangba (用户: test1, id=7416w114037s7c8)
2025-06-05 07:44:46 - INFO - 开始启动数据源...
2025-06-05 07:44:46 - INFO - 开始监听策略的运行状态...
2025-06-05 07:45:40 - INFO - 找到 1 个活跃的策略
2025-06-05 07:45:40 - INFO - 启动策略: wangba (用户: test1, id=7416w114037s7c8)
2025-06-05 07:45:41 - INFO - 开始启动数据源...
2025-06-05 07:45:41 - INFO - 开始监听策略的运行状态...
2025-06-05 07:47:55 - INFO - 找到 1 个活跃的策略
2025-06-05 07:47:56 - INFO - 启动策略: wangba (用户: test1, id=7416w114037s7c8)
2025-06-05 07:47:56 - INFO - 开始启动数据源...
2025-06-05 07:47:56 - INFO - 开始监听策略的运行状态...
2025-06-05 07:47:57 - INFO - 开始监听交易信息...
2025-06-05 08:46:39 - INFO - 退出监听
2025-06-05 14:01:20 - INFO - 找到 1 个活跃的策略
2025-06-05 14:01:21 - INFO - 启动策略: wangba (用户: test1, id=7416w114037s7c8)
2025-06-05 14:01:21 - INFO - 开始启动数据源...
2025-06-05 14:01:21 - INFO - 开始监听策略的运行状态...
2025-06-05 14:01:22 - INFO - 开始监听交易信息...
2025-06-05 14:17:42 - INFO - 策略 7416w114037s7c8 收到新的交易信息
2025-06-05 14:30:25 - INFO - 找到 1 个活跃的策略
2025-06-05 14:30:26 - INFO - 启动策略: wangba (用户: test1, id=7416w114037s7c8)
2025-06-05 14:30:27 - INFO - 开始启动数据源...
2025-06-05 14:30:27 - INFO - 开始监听策略的运行状态...
2025-06-05 14:30:27 - INFO - 开始监听交易信息...
2025-06-05 14:36:24 - INFO - 策略 7416w114037s7c8 收到新的交易信息
2025-06-05 14:51:20 - INFO - 找到 1 个活跃的策略
2025-06-05 14:51:21 - INFO - 启动策略: wangba (用户: test1, id=7416w114037s7c8)
2025-06-05 14:51:21 - INFO - 开始启动数据源...
2025-06-05 14:51:21 - INFO - 开始监听策略的运行状态...
2025-06-05 14:51:22 - INFO - 开始监听交易信息...
2025-06-05 14:51:31 - INFO - 策略 7416w114037s7c8 收到新的交易信息
2025-06-05 14:59:33 - INFO - 找到 1 个活跃的策略
2025-06-05 14:59:34 - INFO - 启动策略: wangba (用户: test1, id=7416w114037s7c8)
2025-06-05 14:59:34 - INFO - 开始启动数据源...
2025-06-05 14:59:34 - INFO - 开始监听策略的运行状态...
2025-06-05 14:59:35 - INFO - 开始监听交易信息...
2025-06-05 15:00:09 - INFO - 策略 7416w114037s7c8 收到新的交易信息
2025-06-05 15:02:17 - INFO - 找到 1 个活跃的策略
2025-06-05 15:02:18 - INFO - 启动策略: wangba (用户: test1, id=7416w114037s7c8)
2025-06-05 15:02:18 - INFO - 开始启动数据源...
2025-06-05 15:02:18 - INFO - 开始监听策略的运行状态...
2025-06-05 15:02:19 - INFO - 开始监听交易信息...
2025-06-05 15:02:33 - INFO - 策略 7416w114037s7c8 收到新的交易信息
2025-06-05 15:07:34 - INFO - 找到 1 个活跃的策略
2025-06-05 15:07:35 - INFO - 启动策略: wangba (用户: test1, id=7416w114037s7c8)
2025-06-05 15:07:35 - INFO - 开始启动数据源...
2025-06-05 15:07:35 - INFO - 开始监听策略的运行状态...
2025-06-05 15:07:36 - INFO - 开始监听交易信息...
2025-06-05 15:07:52 - INFO - 策略 7416w114037s7c8 收到新的交易信息
