2025-05-26 09:16:17 - INFO - 找到 1 个活跃的策略
2025-05-26 09:16:18 - INFO - 启动策略: wangba (用户: test1, id=7416w114037s7c8)
2025-05-26 09:16:18 - INFO - 开始启动数据源...
2025-05-26 09:16:18 - INFO - 开始监听策略的运行状态...
2025-05-26 09:16:23 - ERROR - 策略 wangba 执行出错: 'NoneType' object has no attribute 'get_active_symbols'
2025-05-26 09:16:23 - ERROR - 策略 wangba (ID: 7416w114037s7c8) 发生错误: 'NoneType' object has no attribute 'get_active_symbols'
2025-05-26 09:16:23 - WARNING - 策略 wangba (ID: 7416w114037s7c8) 将在 5 秒后重试
2025-05-26 09:16:24 - INFO - 开始监听交易信息...
2025-05-26 09:17:07 - INFO - 找到 1 个活跃的策略
2025-05-26 09:17:07 - INFO - 启动策略: wangba (用户: test1, id=7416w114037s7c8)
2025-05-26 09:17:07 - INFO - 开始启动数据源...
2025-05-26 09:17:08 - INFO - 开始监听策略的运行状态...
2025-05-26 09:17:10 - ERROR - 策略 wangba 执行出错: 'NoneType' object has no attribute 'get_active_symbols'
2025-05-26 09:17:10 - ERROR - 策略 wangba (ID: 7416w114037s7c8) 发生错误: 'NoneType' object has no attribute 'get_active_symbols'
2025-05-26 09:17:10 - WARNING - 策略 wangba (ID: 7416w114037s7c8) 将在 5 秒后重试
2025-05-26 09:17:10 - INFO - 开始监听交易信息...
2025-05-26 09:17:15 - ERROR - 策略 wangba 执行出错: DolphinDBDataFeed.save_strategy_position() missing 1 required positional argument: 'commission'
2025-05-26 09:17:15 - ERROR - 策略 wangba (ID: 7416w114037s7c8) 发生错误: DolphinDBDataFeed.save_strategy_position() missing 1 required positional argument: 'commission'
2025-05-26 09:17:15 - WARNING - 策略 wangba (ID: 7416w114037s7c8) 将在 5 秒后重试
2025-05-26 09:17:25 - INFO - 找到 1 个活跃的策略
2025-05-26 09:17:25 - INFO - 启动策略: wangba (用户: test1, id=7416w114037s7c8)
2025-05-26 09:17:25 - INFO - 开始启动数据源...
2025-05-26 09:17:26 - INFO - 开始监听策略的运行状态...
2025-05-26 09:19:30 - INFO - 找到 1 个活跃的策略
2025-05-26 09:19:31 - INFO - 启动策略: wangba (用户: test1, id=7416w114037s7c8)
2025-05-26 09:19:31 - INFO - 开始启动数据源...
2025-05-26 09:19:31 - INFO - 开始监听策略的运行状态...
2025-05-26 09:19:31 - ERROR - 策略 wangba 执行出错: DolphinDBDataFeed.save_strategy_position() missing 1 required positional argument: 'commission'
2025-05-26 09:19:31 - ERROR - 策略 wangba (ID: 7416w114037s7c8) 发生错误: DolphinDBDataFeed.save_strategy_position() missing 1 required positional argument: 'commission'
2025-05-26 09:19:31 - WARNING - 策略 wangba (ID: 7416w114037s7c8) 将在 5 秒后重试
2025-05-26 09:19:31 - INFO - 开始监听交易信息...
2025-05-26 09:20:37 - INFO - 找到 1 个活跃的策略
2025-05-26 09:20:38 - INFO - 启动策略: wangba (用户: test1, id=7416w114037s7c8)
2025-05-26 09:20:38 - INFO - 开始启动数据源...
2025-05-26 09:20:38 - INFO - 开始监听策略的运行状态...
2025-05-26 09:20:38 - ERROR - 策略 wangba 执行出错: DolphinDBDataFeed.save_strategy_position() missing 1 required positional argument: 'commission'
2025-05-26 09:20:38 - ERROR - 策略 wangba (ID: 7416w114037s7c8) 发生错误: DolphinDBDataFeed.save_strategy_position() missing 1 required positional argument: 'commission'
2025-05-26 09:20:38 - WARNING - 策略 wangba (ID: 7416w114037s7c8) 将在 5 秒后重试
2025-05-26 09:20:38 - INFO - 开始监听交易信息...
2025-05-26 09:21:50 - INFO - 找到 1 个活跃的策略
2025-05-26 09:21:51 - INFO - 启动策略: wangba (用户: test1, id=7416w114037s7c8)
2025-05-26 09:21:51 - INFO - 开始启动数据源...
2025-05-26 09:21:51 - INFO - 开始监听策略的运行状态...
2025-05-26 09:22:23 - INFO - 找到 1 个活跃的策略
2025-05-26 09:22:23 - INFO - 启动策略: wangba (用户: test1, id=7416w114037s7c8)
2025-05-26 09:22:23 - INFO - 开始启动数据源...
2025-05-26 09:22:24 - INFO - 开始监听策略的运行状态...
2025-05-26 09:22:24 - ERROR - 策略 wangba 执行出错: Message: General request error. Original error: [WinError 10054] 远程主机强迫关闭了一个现有的连接。
URL: N/A
Status: N/A
Data: N/A
Is Abort: False
Original Error: [WinError 10054] 远程主机强迫关闭了一个现有的连接。
2025-05-26 09:22:24 - ERROR - 策略 wangba (ID: 7416w114037s7c8) 发生错误: Message: General request error. Original error: [WinError 10054] 远程主机强迫关闭了一个现有的连接。
URL: N/A
Status: N/A
Data: N/A
Is Abort: False
Original Error: [WinError 10054] 远程主机强迫关闭了一个现有的连接。
2025-05-26 09:22:24 - WARNING - 策略 wangba (ID: 7416w114037s7c8) 将在 5 秒后重试
2025-05-26 09:22:24 - INFO - 开始监听交易信息...
2025-05-26 09:22:49 - INFO - 找到 1 个活跃的策略
2025-05-26 09:22:49 - INFO - 启动策略: wangba (用户: test1, id=7416w114037s7c8)
2025-05-26 09:22:49 - INFO - 开始启动数据源...
2025-05-26 09:22:49 - INFO - 开始监听策略的运行状态...
2025-05-26 09:23:46 - INFO - 开始监听交易信息...
2025-05-26 09:35:42 - INFO - 找到 1 个活跃的策略
2025-05-26 09:35:43 - INFO - 启动策略: wangba (用户: test1, id=7416w114037s7c8)
2025-05-26 09:35:43 - INFO - 开始启动数据源...
2025-05-26 09:35:43 - INFO - 开始监听策略的运行状态...
2025-05-26 09:38:23 - INFO - 开始监听交易信息...
