2025-05-31 09:07:59 - INFO - 找到 1 个活跃的策略
2025-05-31 09:08:00 - INFO - 启动策略: wangba (用户: test1, id=7416w114037s7c8)
2025-05-31 09:10:36 - INFO - 找到 1 个活跃的策略
2025-05-31 09:10:37 - INFO - 启动策略: wangba (用户: test1, id=7416w114037s7c8)
2025-05-31 09:14:06 - INFO - 找到 1 个活跃的策略
2025-05-31 09:14:07 - INFO - 启动策略: wangba (用户: test1, id=7416w114037s7c8)
2025-05-31 09:15:53 - INFO - 开始启动数据源...
2025-05-31 09:15:53 - INFO - 开始监听策略的运行状态...
2025-05-31 09:15:54 - INFO - 开始监听交易信息...
2025-05-31 10:49:03 - INFO - 退出监听
2025-05-31 10:49:16 - INFO - 找到 1 个活跃的策略
2025-05-31 10:49:17 - INFO - 启动策略: wangba (用户: test1, id=7416w114037s7c8)
2025-05-31 10:49:17 - INFO - 开始启动数据源...
2025-05-31 10:49:17 - INFO - 开始监听策略的运行状态...
2025-05-31 10:49:17 - INFO - 开始监听交易信息...
2025-05-31 10:50:43 - INFO - 退出监听
2025-05-31 10:50:55 - INFO - 找到 1 个活跃的策略
2025-05-31 10:50:55 - INFO - 启动策略: wangba (用户: test1, id=7416w114037s7c8)
2025-05-31 10:50:55 - INFO - 开始启动数据源...
2025-05-31 10:50:55 - INFO - 开始监听策略的运行状态...
2025-05-31 10:50:56 - INFO - 开始监听交易信息...
2025-05-31 10:52:22 - INFO - 退出监听
2025-05-31 10:52:33 - INFO - 找到 1 个活跃的策略
2025-05-31 10:52:33 - INFO - 启动策略: wangba (用户: test1, id=7416w114037s7c8)
2025-05-31 10:52:33 - INFO - 开始启动数据源...
2025-05-31 10:52:34 - INFO - 开始监听策略的运行状态...
2025-05-31 10:52:34 - INFO - 开始监听交易信息...
2025-05-31 11:23:29 - INFO - 找到 1 个活跃的策略
2025-05-31 11:23:30 - INFO - 启动策略: wangba (用户: test1, id=7416w114037s7c8)
2025-05-31 11:23:30 - INFO - 开始启动数据源...
2025-05-31 11:23:30 - INFO - 开始监听策略的运行状态...
2025-05-31 11:23:30 - INFO - 开始监听交易信息...
2025-05-31 17:46:02 - INFO - 策略 7416w114037s7c8 收到新的交易信息
2025-05-31 17:46:10 - ERROR - 策略 wangba 处理交易信息时出错: 'instrument_id'
2025-05-31 17:47:43 - INFO - 找到 1 个活跃的策略
2025-05-31 17:47:44 - INFO - 启动策略: wangba (用户: test1, id=7416w114037s7c8)
2025-05-31 17:47:44 - INFO - 开始启动数据源...
2025-05-31 17:47:44 - INFO - 开始监听策略的运行状态...
2025-05-31 17:47:45 - INFO - 开始监听交易信息...
2025-05-31 17:48:17 - INFO - 策略 7416w114037s7c8 收到新的交易信息
2025-05-31 17:49:00 - INFO - 找到 1 个活跃的策略
2025-05-31 17:49:00 - INFO - 启动策略: wangba (用户: test1, id=7416w114037s7c8)
2025-05-31 17:49:00 - INFO - 开始启动数据源...
2025-05-31 17:49:01 - INFO - 开始监听策略的运行状态...
2025-05-31 17:49:01 - INFO - 开始监听交易信息...
2025-05-31 17:49:03 - INFO - 策略 7416w114037s7c8 收到新的交易信息
2025-05-31 17:49:42 - ERROR - 策略 wangba 处理交易信息时出错: 'instrument_id'
2025-05-31 17:50:26 - INFO - 找到 1 个活跃的策略
2025-05-31 17:50:27 - INFO - 启动策略: wangba (用户: test1, id=7416w114037s7c8)
2025-05-31 17:50:27 - INFO - 开始启动数据源...
2025-05-31 17:50:27 - INFO - 开始监听策略的运行状态...
2025-05-31 17:50:28 - INFO - 开始监听交易信息...
2025-05-31 17:50:30 - INFO - 策略 7416w114037s7c8 收到新的交易信息
2025-05-31 17:54:11 - INFO - 找到 1 个活跃的策略
2025-05-31 17:54:11 - INFO - 启动策略: wangba (用户: test1, id=7416w114037s7c8)
2025-05-31 17:54:11 - INFO - 开始启动数据源...
2025-05-31 17:54:12 - INFO - 开始监听策略的运行状态...
2025-05-31 17:54:12 - INFO - 开始监听交易信息...
2025-05-31 17:54:18 - INFO - 策略 7416w114037s7c8 收到新的交易信息
2025-05-31 17:55:51 - INFO - 找到 1 个活跃的策略
2025-05-31 17:55:51 - INFO - 启动策略: wangba (用户: test1, id=7416w114037s7c8)
2025-05-31 17:55:52 - INFO - 开始启动数据源...
2025-05-31 17:55:52 - INFO - 开始监听策略的运行状态...
2025-05-31 17:55:52 - INFO - 开始监听交易信息...
2025-05-31 17:55:55 - INFO - 策略 7416w114037s7c8 收到新的交易信息
2025-05-31 17:57:35 - INFO - 找到 1 个活跃的策略
2025-05-31 17:57:35 - INFO - 启动策略: wangba (用户: test1, id=7416w114037s7c8)
2025-05-31 17:57:36 - INFO - 开始启动数据源...
2025-05-31 17:57:36 - INFO - 开始监听策略的运行状态...
2025-05-31 17:57:36 - INFO - 开始监听交易信息...
2025-05-31 17:57:45 - INFO - 策略 7416w114037s7c8 收到新的交易信息
2025-05-31 18:00:35 - INFO - 退出监听
2025-05-31 18:00:45 - INFO - 找到 1 个活跃的策略
2025-05-31 18:00:46 - INFO - 启动策略: wangba (用户: test1, id=7416w114037s7c8)
2025-05-31 18:00:46 - INFO - 开始启动数据源...
2025-05-31 18:00:46 - INFO - 开始监听策略的运行状态...
2025-05-31 18:00:46 - INFO - 开始监听交易信息...
2025-05-31 18:00:49 - INFO - 策略 7416w114037s7c8 收到新的交易信息
2025-05-31 18:14:32 - INFO - 策略 7416w114037s7c8 收到新的交易信息
2025-05-31 18:15:23 - INFO - 策略 7416w114037s7c8 收到新的交易信息
2025-05-31 18:21:52 - INFO - 找到 1 个活跃的策略
2025-05-31 18:21:53 - INFO - 启动策略: wangba (用户: test1, id=7416w114037s7c8)
2025-05-31 18:21:53 - INFO - 开始启动数据源...
2025-05-31 18:21:53 - INFO - 开始监听策略的运行状态...
2025-05-31 18:23:32 - INFO - 找到 1 个活跃的策略
2025-05-31 18:23:33 - INFO - 启动策略: wangba (用户: test1, id=7416w114037s7c8)
2025-05-31 18:23:33 - INFO - 开始启动数据源...
2025-05-31 18:23:33 - INFO - 开始监听策略的运行状态...
2025-05-31 18:23:34 - INFO - 开始监听交易信息...
2025-05-31 18:23:52 - INFO - 策略 7416w114037s7c8 收到新的交易信息
2025-05-31 18:32:28 - INFO - 策略 7416w114037s7c8 收到新的交易信息
