2025-05-30 08:14:12 - INFO - 找到 1 个活跃的策略
2025-05-30 08:14:12 - INFO - 启动策略: wangba (用户: test1, id=7416w114037s7c8)
2025-05-30 08:14:12 - INFO - 开始启动数据源...
2025-05-30 08:14:12 - INFO - 开始监听策略的运行状态...
2025-05-30 08:14:13 - INFO - 开始监听交易信息...
2025-05-30 08:14:14 - ERROR - 策略 wangba 执行出错: 'NoneType' object is not subscriptable
2025-05-30 08:14:14 - ERROR - 策略 wangba (ID: 7416w114037s7c8) 发生错误: 'NoneType' object is not subscriptable
2025-05-30 08:14:14 - WARNING - 策略 wangba (ID: 7416w114037s7c8) 将在 5 秒后重试
2025-05-30 08:16:07 - INFO - 找到 1 个活跃的策略
2025-05-30 08:16:08 - INFO - 启动策略: wangba (用户: test1, id=7416w114037s7c8)
2025-05-30 08:16:15 - INFO - 开始启动数据源...
2025-05-30 08:16:15 - INFO - 开始监听策略的运行状态...
2025-05-30 08:16:25 - INFO - 开始监听交易信息...
2025-05-30 08:16:47 - INFO - 找到 1 个活跃的策略
2025-05-30 08:16:47 - INFO - 启动策略: wangba (用户: test1, id=7416w114037s7c8)
2025-05-30 08:16:47 - INFO - 开始启动数据源...
2025-05-30 08:16:48 - INFO - 开始监听策略的运行状态...
2025-05-30 08:16:57 - INFO - 开始监听交易信息...
2025-05-30 08:18:59 - ERROR - 策略 wangba 执行出错: 'NoneType' object is not subscriptable
2025-05-30 08:18:59 - ERROR - 策略 wangba (ID: 7416w114037s7c8) 发生错误: 'NoneType' object is not subscriptable
2025-05-30 08:18:59 - WARNING - 策略 wangba (ID: 7416w114037s7c8) 将在 5 秒后重试
2025-05-30 08:19:54 - INFO - 找到 1 个活跃的策略
2025-05-30 08:19:54 - INFO - 启动策略: wangba (用户: test1, id=7416w114037s7c8)
2025-05-30 08:19:54 - INFO - 开始启动数据源...
2025-05-30 08:19:55 - INFO - 开始监听策略的运行状态...
2025-05-30 08:19:55 - INFO - 开始监听交易信息...
2025-05-30 08:23:55 - ERROR - 策略 wangba 执行出错: 'NoneType' object is not subscriptable
2025-05-30 08:23:55 - ERROR - 策略 wangba (ID: 7416w114037s7c8) 发生错误: 'NoneType' object is not subscriptable
2025-05-30 08:23:55 - WARNING - 策略 wangba (ID: 7416w114037s7c8) 将在 5 秒后重试
2025-05-30 08:24:14 - INFO - 找到 1 个活跃的策略
2025-05-30 08:24:15 - INFO - 启动策略: wangba (用户: test1, id=7416w114037s7c8)
2025-05-30 08:24:15 - INFO - 开始启动数据源...
2025-05-30 08:24:15 - INFO - 开始监听策略的运行状态...
2025-05-30 08:24:16 - INFO - 开始监听交易信息...
2025-05-30 08:32:57 - INFO - 找到 1 个活跃的策略
2025-05-30 08:32:57 - INFO - 启动策略: wangba (用户: test1, id=7416w114037s7c8)
2025-05-30 08:32:57 - INFO - 开始启动数据源...
2025-05-30 08:32:57 - INFO - 开始监听策略的运行状态...
2025-05-30 08:32:58 - INFO - 开始监听交易信息...
2025-05-30 08:32:59 - ERROR - 策略 wangba 执行出错: 'NoneType' object is not subscriptable
2025-05-30 08:32:59 - ERROR - 策略 wangba (ID: 7416w114037s7c8) 发生错误: 'NoneType' object is not subscriptable
2025-05-30 08:32:59 - WARNING - 策略 wangba (ID: 7416w114037s7c8) 将在 5 秒后重试
2025-05-30 08:38:55 - INFO - 找到 1 个活跃的策略
2025-05-30 08:38:55 - INFO - 启动策略: wangba (用户: test1, id=7416w114037s7c8)
2025-05-30 08:38:55 - INFO - 开始启动数据源...
2025-05-30 08:38:55 - INFO - 开始监听策略的运行状态...
2025-05-30 08:38:56 - INFO - 开始监听交易信息...
2025-05-30 08:44:43 - INFO - 找到 1 个活跃的策略
2025-05-30 08:44:44 - INFO - 启动策略: wangba (用户: test1, id=7416w114037s7c8)
2025-05-30 08:44:44 - INFO - 开始启动数据源...
2025-05-30 08:44:44 - INFO - 开始监听策略的运行状态...
2025-05-30 08:44:44 - ERROR - 策略 wangba 执行出错: 'instrument_id'
2025-05-30 08:44:44 - ERROR - 策略 wangba (ID: 7416w114037s7c8) 发生错误: 'instrument_id'
2025-05-30 08:44:44 - WARNING - 策略 wangba (ID: 7416w114037s7c8) 将在 5 秒后重试
2025-05-30 08:44:44 - INFO - 开始监听交易信息...
2025-05-30 08:48:41 - INFO - 找到 1 个活跃的策略
2025-05-30 08:48:41 - INFO - 启动策略: wangba (用户: test1, id=7416w114037s7c8)
2025-05-30 08:48:41 - INFO - 开始启动数据源...
2025-05-30 08:48:41 - INFO - 开始监听策略的运行状态...
2025-05-30 08:48:41 - ERROR - 策略 wangba (ID: 7416w114037s7c8) 发生错误: 'instrument_id'
2025-05-30 08:48:41 - WARNING - 策略 wangba (ID: 7416w114037s7c8) 将在 5 秒后重试
2025-05-30 08:48:42 - INFO - 开始监听交易信息...
2025-05-30 08:49:24 - INFO - 找到 1 个活跃的策略
2025-05-30 08:49:25 - INFO - 启动策略: wangba (用户: test1, id=7416w114037s7c8)
2025-05-30 08:49:25 - INFO - 开始启动数据源...
2025-05-30 08:49:25 - INFO - 开始监听策略的运行状态...
2025-05-30 08:50:31 - INFO - 找到 1 个活跃的策略
2025-05-30 08:50:31 - INFO - 启动策略: wangba (用户: test1, id=7416w114037s7c8)
2025-05-30 08:50:31 - INFO - 开始启动数据源...
2025-05-30 08:50:31 - INFO - 开始监听策略的运行状态...
2025-05-30 08:50:32 - INFO - 开始监听交易信息...
2025-05-30 09:08:45 - INFO - 找到 1 个活跃的策略
2025-05-30 09:08:46 - INFO - 启动策略: wangba (用户: test1, id=7416w114037s7c8)
2025-05-30 09:08:46 - INFO - 开始启动数据源...
2025-05-30 09:08:46 - INFO - 开始监听策略的运行状态...
2025-05-30 09:08:46 - INFO - 开始监听交易信息...
