2025-06-03 08:40:20 - INFO - 找到 1 个活跃的策略
2025-06-03 08:40:20 - INFO - 启动策略: wangba (用户: test1, id=7416w114037s7c8)
2025-06-03 08:40:46 - ERROR - 启动策略失败: 'str' object has no attribute 'item'
2025-06-03 08:40:46 - INFO - 开始启动数据源...
2025-06-03 08:40:46 - INFO - 开始监听策略的运行状态...
2025-06-03 08:40:47 - INFO - 开始监听交易信息...
2025-06-03 08:41:01 - INFO - 退出监听
2025-06-03 08:41:15 - INFO - 找到 1 个活跃的策略
2025-06-03 08:41:16 - INFO - 启动策略: wangba (用户: test1, id=7416w114037s7c8)
2025-06-03 08:42:40 - INFO - 找到 1 个活跃的策略
2025-06-03 08:42:40 - INFO - 启动策略: wangba (用户: test1, id=7416w114037s7c8)
2025-06-03 08:50:19 - INFO - 找到 1 个活跃的策略
2025-06-03 08:50:20 - INFO - 启动策略: wangba (用户: test1, id=7416w114037s7c8)
2025-06-03 08:51:15 - INFO - 开始启动数据源...
2025-06-03 08:51:15 - INFO - 开始监听策略的运行状态...
2025-06-03 08:51:16 - INFO - 开始监听交易信息...
2025-06-03 09:25:12 - INFO - 找到 1 个活跃的策略
2025-06-03 09:25:13 - INFO - 启动策略: wangba (用户: test1, id=7416w114037s7c8)
2025-06-03 09:25:23 - ERROR - 启动策略失败: 'undl'
2025-06-03 09:25:23 - INFO - 开始启动数据源...
2025-06-03 09:25:23 - INFO - 开始监听策略的运行状态...
2025-06-03 09:25:24 - INFO - 开始监听交易信息...
2025-06-03 09:25:49 - INFO - 找到 1 个活跃的策略
2025-06-03 09:25:49 - INFO - 启动策略: wangba (用户: test1, id=7416w114037s7c8)
2025-06-03 09:26:47 - INFO - 找到 1 个活跃的策略
2025-06-03 09:26:48 - INFO - 启动策略: wangba (用户: test1, id=7416w114037s7c8)
2025-06-03 09:29:06 - INFO - 找到 1 个活跃的策略
2025-06-03 09:29:07 - INFO - 启动策略: wangba (用户: test1, id=7416w114037s7c8)
2025-06-03 09:30:42 - INFO - 找到 1 个活跃的策略
2025-06-03 09:30:43 - INFO - 启动策略: wangba (用户: test1, id=7416w114037s7c8)
2025-06-03 10:08:36 - INFO - 找到 1 个活跃的策略
2025-06-03 10:08:37 - INFO - 启动策略: wangba (用户: test1, id=7416w114037s7c8)
2025-06-03 10:23:55 - INFO - 找到 1 个活跃的策略
2025-06-03 10:23:56 - INFO - 启动策略: wangba (用户: test1, id=7416w114037s7c8)
2025-06-03 10:24:59 - INFO - 找到 1 个活跃的策略
2025-06-03 10:25:00 - INFO - 启动策略: wangba (用户: test1, id=7416w114037s7c8)
2025-06-03 10:25:56 - INFO - 找到 1 个活跃的策略
2025-06-03 10:25:56 - INFO - 启动策略: wangba (用户: test1, id=7416w114037s7c8)
2025-06-03 10:33:54 - INFO - 找到 1 个活跃的策略
2025-06-03 10:33:55 - INFO - 启动策略: wangba (用户: test1, id=7416w114037s7c8)
2025-06-03 10:34:40 - INFO - 开始启动数据源...
2025-06-03 10:34:40 - INFO - 开始监听策略的运行状态...
2025-06-03 10:34:51 - INFO - 找到 1 个活跃的策略
2025-06-03 10:34:52 - INFO - 启动策略: wangba (用户: test1, id=7416w114037s7c8)
2025-06-03 10:36:19 - INFO - 找到 1 个活跃的策略
2025-06-03 10:36:19 - INFO - 启动策略: wangba (用户: test1, id=7416w114037s7c8)
2025-06-03 10:37:48 - INFO - 找到 1 个活跃的策略
2025-06-03 10:37:48 - INFO - 启动策略: wangba (用户: test1, id=7416w114037s7c8)
2025-06-03 15:11:57 - INFO - 找到 1 个活跃的策略
2025-06-03 15:11:58 - INFO - 启动策略: wangba (用户: test1, id=7416w114037s7c8)
2025-06-03 15:20:51 - INFO - 找到 1 个活跃的策略
2025-06-03 15:20:51 - INFO - 启动策略: wangba (用户: test1, id=7416w114037s7c8)
2025-06-03 15:21:16 - ERROR - 启动策略失败: Cannot perform 'and_' with a dtyped [bool] array and scalar of type [bool]
2025-06-03 15:21:16 - INFO - 开始启动数据源...
2025-06-03 15:21:17 - INFO - 开始监听策略的运行状态...
2025-06-03 15:21:17 - INFO - 开始监听交易信息...
2025-06-03 15:21:50 - INFO - 找到 1 个活跃的策略
2025-06-03 15:21:50 - INFO - 启动策略: wangba (用户: test1, id=7416w114037s7c8)
2025-06-03 15:23:07 - INFO - 找到 1 个活跃的策略
2025-06-03 15:23:07 - INFO - 启动策略: wangba (用户: test1, id=7416w114037s7c8)
2025-06-03 15:23:49 - INFO - 开始启动数据源...
2025-06-03 15:23:49 - INFO - 开始监听策略的运行状态...
2025-06-03 15:23:49 - INFO - 开始监听交易信息...
