2025-05-24 09:22:35 - INFO - 找到 1 个活跃的策略
2025-05-24 09:22:36 - INFO - 启动策略: wangba (用户: test1, id=7416w114037s7c8)
2025-05-24 09:22:36 - INFO - 开始启动数据源...
2025-05-24 09:22:36 - INFO - 开始监听策略的运行状态...
2025-05-24 09:22:37 - INFO - 开始监听交易信息...
2025-05-24 09:23:36 - INFO - 找到 1 个活跃的策略
2025-05-24 09:23:37 - INFO - 启动策略: wangba (用户: test1, id=7416w114037s7c8)
2025-05-24 09:23:37 - INFO - 开始启动数据源...
2025-05-24 09:23:37 - INFO - 开始监听策略的运行状态...
2025-05-24 09:23:37 - INFO - 开始监听交易信息...
2025-05-24 09:23:59 - INFO - 找到 1 个活跃的策略
2025-05-24 09:24:00 - INFO - 启动策略: wangba (用户: test1, id=7416w114037s7c8)
2025-05-24 09:24:02 - INFO - 开始启动数据源...
2025-05-24 09:24:03 - INFO - 开始监听策略的运行状态...
2025-05-24 09:24:04 - INFO - 开始监听交易信息...
2025-05-24 09:26:07 - INFO - 找到 1 个活跃的策略
2025-05-24 09:26:08 - INFO - 启动策略: wangba (用户: test1, id=7416w114037s7c8)
2025-05-24 09:26:08 - INFO - 开始启动数据源...
2025-05-24 09:26:08 - INFO - 开始监听策略的运行状态...
2025-05-24 09:27:02 - INFO - 找到 1 个活跃的策略
2025-05-24 09:27:03 - INFO - 启动策略: wangba (用户: test1, id=7416w114037s7c8)
2025-05-24 09:27:03 - INFO - 开始启动数据源...
2025-05-24 09:27:03 - INFO - 开始监听策略的运行状态...
2025-05-24 09:27:03 - ERROR - 策略 wangba 执行出错: 'instrumentId'
2025-05-24 09:27:03 - ERROR - 策略 wangba (ID: 7416w114037s7c8) 发生错误: 'instrumentId'
2025-05-24 09:27:03 - WARNING - 策略 wangba (ID: 7416w114037s7c8) 将在 5 秒后重试
2025-05-24 09:27:03 - INFO - 开始监听交易信息...
2025-05-24 09:28:04 - INFO - 找到 1 个活跃的策略
2025-05-24 09:28:04 - INFO - 启动策略: wangba (用户: test1, id=7416w114037s7c8)
2025-05-24 09:28:04 - INFO - 开始启动数据源...
2025-05-24 09:28:05 - INFO - 开始监听策略的运行状态...
2025-05-24 09:28:41 - INFO - 找到 1 个活跃的策略
2025-05-24 09:28:41 - INFO - 启动策略: wangba (用户: test1, id=7416w114037s7c8)
2025-05-24 09:28:41 - INFO - 开始启动数据源...
2025-05-24 09:28:42 - INFO - 开始监听策略的运行状态...
2025-05-24 09:28:55 - INFO - 开始监听交易信息...
