2025-05-29 07:35:38 - INFO - 找到 1 个活跃的策略
2025-05-29 07:35:38 - INFO - 启动策略: wangba (用户: test1, id=7416w114037s7c8)
2025-05-29 07:35:38 - INFO - 开始启动数据源...
2025-05-29 07:35:38 - INFO - 开始监听策略的运行状态...
2025-05-29 07:35:44 - INFO - 开始监听交易信息...
2025-05-29 07:44:08 - INFO - 找到 1 个活跃的策略
2025-05-29 07:44:09 - INFO - 启动策略: wangba (用户: test1, id=7416w114037s7c8)
2025-05-29 07:44:09 - INFO - 开始启动数据源...
2025-05-29 07:44:09 - INFO - 开始监听策略的运行状态...
2025-05-29 07:44:15 - INFO - 开始监听交易信息...
2025-05-29 07:51:29 - INFO - 策略 7416w114037s7c8 收到新的交易信息
2025-05-29 07:51:59 - INFO - 策略 7416w114037s7c8 收到新的交易信息
2025-05-29 07:52:31 - INFO - 策略 7416w114037s7c8 收到新的交易信息
2025-05-29 07:52:49 - INFO - 策略 7416w114037s7c8 收到新的交易信息
2025-05-29 07:57:39 - INFO - 策略 7416w114037s7c8 收到新的交易信息
2025-05-29 08:01:42 - INFO - 找到 1 个活跃的策略
2025-05-29 08:01:42 - INFO - 启动策略: wangba (用户: test1, id=7416w114037s7c8)
2025-05-29 08:01:42 - INFO - 开始启动数据源...
2025-05-29 08:01:43 - INFO - 开始监听策略的运行状态...
2025-05-29 08:01:53 - INFO - 开始监听交易信息...
2025-05-29 08:02:05 - INFO - 策略 7416w114037s7c8 收到新的交易信息
