2025-05-20 09:06:22 - INFO - 监听策略的运行状态...
2025-05-20 09:06:32 - INFO - 启动策略: test (id=w18za9y81vhw56c)
2025-05-20 09:06:38 - INFO - 停止策略: test (id=w18za9y81vhw56c)
2025-05-20 09:06:47 - INFO - 退出监听
2025-05-20 09:09:28 - INFO - 没有找到活跃的策略
2025-05-20 09:09:28 - INFO - 开始监听策略的运行状态...
2025-05-20 09:09:37 - INFO - 启动策略: test (id=w18za9y81vhw56c)
2025-05-20 09:11:14 - INFO - 正在运行的策略数量：0
2025-05-20 09:11:14 - INFO - 启动策略: test (id=w18za9y81vhw56c)
2025-05-20 09:11:14 - INFO - 开始监听策略的运行状态...
2025-05-20 09:11:58 - INFO - 正在运行的策略数量：0
2025-05-20 09:11:58 - INFO - 启动策略: test (id=w18za9y81vhw56c)
2025-05-20 09:11:58 - INFO - 开始监听策略的运行状态...
2025-05-20 09:12:20 - INFO - 正在运行的策略数量：1
2025-05-20 09:12:20 - INFO - 启动策略: test (id=w18za9y81vhw56c)
2025-05-20 09:12:20 - INFO - 开始监听策略的运行状态...
2025-05-20 09:12:32 - INFO - 停止策略: test (id=w18za9y81vhw56c)
2025-05-20 09:14:55 - INFO - 正在运行的策略数量：0
2025-05-20 09:14:55 - INFO - 开始监听策略的运行状态...
2025-05-20 09:15:07 - INFO - 启动策略: test (id=w18za9y81vhw56c)
2025-05-20 09:19:54 - INFO - 正在运行的策略数量：1
2025-05-20 09:19:55 - INFO - 启动策略: hi mom - test (id=w18za9y81vhw56c)
2025-05-20 09:19:55 - INFO - 开始监听策略的运行状态...
2025-05-20 09:20:25 - INFO - 正在运行的策略数量：1
2025-05-20 09:20:25 - INFO - 启动策略: hi mom - test (id=w18za9y81vhw56c)
2025-05-20 09:20:25 - INFO - 开始监听策略的运行状态...
2025-05-20 09:20:34 - INFO - 停止策略: hi mom - test (id=w18za9y81vhw56c)
2025-05-20 09:20:40 - INFO - 启动策略: hi mom - test (id=w18za9y81vhw56c)
2025-05-20 09:22:08 - INFO - 正在运行的策略数量：1
2025-05-20 09:22:09 - INFO - 启动策略: hi mom - test (id=w18za9y81vhw56c)
2025-05-20 09:22:09 - INFO - 正在运行的策略数量：0
2025-05-20 09:22:09 - INFO - 开始监听策略的运行状态...
2025-05-20 09:24:02 - INFO - 正在运行的策略数量：1
2025-05-20 09:24:03 - INFO - 启动策略: hi mom - test (id=w18za9y81vhw56c)
2025-05-20 09:24:03 - INFO - 正在运行的策略数量：1
2025-05-20 09:24:03 - INFO - 开始监听策略的运行状态...
2025-05-20 09:24:10 - INFO - 停止策略: hi mom - test (id=w18za9y81vhw56c)
2025-05-20 09:24:10 - INFO - 正在运行的策略数量：0
2025-05-20 09:24:24 - INFO - 启动策略: hi mom - test (id=w18za9y81vhw56c)
2025-05-20 09:24:24 - INFO - 正在运行的策略数量：1
