2025-05-23 17:21:13 - INFO - 找到 1 个活跃的策略
2025-05-23 17:21:14 - INFO - 启动策略: wangba (用户: test1, id=7416w114037s7c8)
2025-05-23 17:21:14 - INFO - 开始启动数据源...
2025-05-23 17:21:14 - INFO - 开始监听策略的运行状态...
2025-05-23 17:21:19 - INFO - 开始监听交易信息...
2025-05-23 17:22:01 - INFO - 找到 1 个活跃的策略
2025-05-23 17:22:02 - INFO - 启动策略: wangba (用户: test1, id=7416w114037s7c8)
2025-05-23 17:22:08 - INFO - 开始启动数据源...
2025-05-23 17:22:10 - INFO - 开始监听策略的运行状态...
2025-05-23 17:22:11 - INFO - 开始监听交易信息...
2025-05-23 19:02:28 - INFO - 找到 1 个活跃的策略
2025-05-23 19:02:29 - INFO - 启动策略: wangba (用户: test1, id=7416w114037s7c8)
2025-05-23 19:02:37 - INFO - 开始启动数据源...
2025-05-23 19:02:38 - INFO - 开始监听策略的运行状态...
2025-05-23 19:02:38 - INFO - 开始监听交易信息...
2025-05-23 19:04:11 - INFO - 找到 1 个活跃的策略
2025-05-23 19:04:12 - INFO - 启动策略: wangba (用户: test1, id=7416w114037s7c8)
2025-05-23 19:04:16 - INFO - 开始启动数据源...
2025-05-23 19:04:23 - INFO - 开始监听策略的运行状态...
2025-05-23 19:04:23 - INFO - 开始监听交易信息...
2025-05-23 19:05:24 - INFO - 找到 1 个活跃的策略
2025-05-23 19:05:24 - INFO - 启动策略: wangba (用户: test1, id=7416w114037s7c8)
2025-05-23 19:06:01 - INFO - 开始启动数据源...
2025-05-23 19:06:01 - INFO - 开始监听策略的运行状态...
2025-05-23 19:06:01 - INFO - 开始监听交易信息...
2025-05-23 19:07:17 - INFO - 策略 7416w114037s7c8 收到新的交易信息
2025-05-23 19:07:49 - INFO - 找到 1 个活跃的策略
2025-05-23 19:07:50 - INFO - 启动策略: wangba (用户: test1, id=7416w114037s7c8)
2025-05-23 19:07:50 - INFO - 开始启动数据源...
2025-05-23 19:07:50 - INFO - 开始监听策略的运行状态...
2025-05-23 19:07:50 - INFO - 开始监听交易信息...
2025-05-23 19:08:04 - INFO - 策略 7416w114037s7c8 收到新的交易信息
2025-05-23 19:35:40 - INFO - 找到 1 个活跃的策略
2025-05-23 19:35:41 - INFO - 启动策略: wangba (用户: test1, id=7416w114037s7c8)
2025-05-23 19:35:41 - INFO - 开始启动数据源...
2025-05-23 19:35:41 - INFO - 开始监听策略的运行状态...
2025-05-23 19:35:41 - INFO - 开始监听交易信息...
2025-05-23 19:36:02 - INFO - 策略 7416w114037s7c8 收到新的交易信息
2025-05-23 19:36:02 - ERROR - 策略 wangba 处理交易信息时出错: 'Record' object has no attribute 'instrumentId'
2025-05-23 19:36:42 - INFO - 找到 1 个活跃的策略
2025-05-23 19:36:43 - INFO - 启动策略: wangba (用户: test1, id=7416w114037s7c8)
2025-05-23 19:36:43 - INFO - 开始启动数据源...
2025-05-23 19:36:43 - INFO - 开始监听策略的运行状态...
2025-05-23 19:36:43 - INFO - 开始监听交易信息...
2025-05-23 19:36:51 - INFO - 策略 7416w114037s7c8 收到新的交易信息
2025-05-23 19:38:09 - INFO - 找到 1 个活跃的策略
2025-05-23 19:38:10 - INFO - 启动策略: wangba (用户: test1, id=7416w114037s7c8)
2025-05-23 19:38:10 - INFO - 开始启动数据源...
2025-05-23 19:38:10 - INFO - 开始监听策略的运行状态...
2025-05-23 19:38:11 - INFO - 开始监听交易信息...
2025-05-23 19:38:25 - INFO - 策略 7416w114037s7c8 收到新的交易信息
2025-05-23 19:39:51 - INFO - 找到 1 个活跃的策略
2025-05-23 19:39:51 - INFO - 启动策略: wangba (用户: test1, id=7416w114037s7c8)
2025-05-23 19:39:51 - INFO - 开始启动数据源...
2025-05-23 19:39:51 - INFO - 开始监听策略的运行状态...
2025-05-23 19:39:51 - ERROR - 策略 wangba 执行出错: 'DolphinDBDataFeed' object has no attribute 'get_last_strategy_combinations_date'
2025-05-23 19:39:51 - ERROR - 策略 wangba (ID: 7416w114037s7c8) 发生错误: 'DolphinDBDataFeed' object has no attribute 'get_last_strategy_combinations_date'
2025-05-23 19:39:51 - WARNING - 策略 wangba (ID: 7416w114037s7c8) 将在 5 秒后重试
2025-05-23 19:39:52 - INFO - 开始监听交易信息...
2025-05-23 19:42:34 - INFO - 找到 1 个活跃的策略
2025-05-23 19:42:34 - INFO - 启动策略: wangba (用户: test1, id=7416w114037s7c8)
2025-05-23 19:42:34 - INFO - 开始启动数据源...
2025-05-23 19:42:34 - INFO - 开始监听策略的运行状态...
2025-05-23 19:42:35 - INFO - 开始监听交易信息...
2025-05-23 19:42:51 - INFO - 策略 7416w114037s7c8 收到新的交易信息
2025-05-23 19:44:08 - ERROR - 策略 wangba 处理交易信息时出错: 'instrument_id'
2025-05-23 19:44:27 - INFO - 找到 1 个活跃的策略
2025-05-23 19:44:27 - INFO - 启动策略: wangba (用户: test1, id=7416w114037s7c8)
2025-05-23 19:44:27 - INFO - 开始启动数据源...
2025-05-23 19:44:27 - INFO - 开始监听策略的运行状态...
2025-05-23 19:44:28 - INFO - 开始监听交易信息...
2025-05-23 19:46:03 - INFO - 找到 1 个活跃的策略
2025-05-23 19:46:04 - INFO - 启动策略: wangba (用户: test1, id=7416w114037s7c8)
2025-05-23 19:46:04 - INFO - 开始启动数据源...
2025-05-23 19:46:04 - INFO - 开始监听策略的运行状态...
2025-05-23 19:46:05 - INFO - 开始监听交易信息...
2025-05-23 19:46:11 - INFO - 策略 7416w114037s7c8 收到新的交易信息
2025-05-23 19:46:49 - ERROR - 策略 wangba 处理交易信息时出错: cannot set a frame with no defined columns
2025-05-23 19:49:25 - INFO - 找到 1 个活跃的策略
2025-05-23 19:49:25 - INFO - 启动策略: wangba (用户: test1, id=7416w114037s7c8)
2025-05-23 19:49:25 - INFO - 开始启动数据源...
2025-05-23 19:49:25 - INFO - 开始监听策略的运行状态...
2025-05-23 19:49:26 - INFO - 开始监听交易信息...
2025-05-23 19:49:39 - INFO - 策略 7416w114037s7c8 收到新的交易信息
2025-05-23 19:53:59 - INFO - 策略 7416w114037s7c8 收到新的交易信息
2025-05-23 19:54:54 - ERROR - 策略 wangba 处理交易信息时出错: Message: General request error. Original error: Object of type int64 is not JSON serializable
URL: N/A
Status: N/A
Data: N/A
Is Abort: False
Original Error: Object of type int64 is not JSON serializable
2025-05-23 19:55:33 - INFO - 找到 1 个活跃的策略
2025-05-23 19:55:34 - INFO - 启动策略: wangba (用户: test1, id=7416w114037s7c8)
2025-05-23 19:55:34 - INFO - 开始启动数据源...
2025-05-23 19:55:34 - INFO - 开始监听策略的运行状态...
2025-05-23 19:55:34 - ERROR - 策略 wangba 执行出错: 'option1Code'
2025-05-23 19:55:34 - ERROR - 策略 wangba (ID: 7416w114037s7c8) 发生错误: 'option1Code'
2025-05-23 19:55:34 - WARNING - 策略 wangba (ID: 7416w114037s7c8) 将在 5 秒后重试
2025-05-23 19:55:34 - INFO - 开始监听交易信息...
2025-05-23 19:55:44 - INFO - 策略 7416w114037s7c8 收到新的交易信息
2025-05-23 19:57:12 - INFO - 找到 1 个活跃的策略
2025-05-23 19:57:12 - INFO - 启动策略: wangba (用户: test1, id=7416w114037s7c8)
2025-05-23 19:57:12 - INFO - 开始启动数据源...
2025-05-23 19:57:12 - INFO - 开始监听策略的运行状态...
2025-05-23 19:57:16 - INFO - 开始监听交易信息...
2025-05-23 19:59:14 - INFO - 找到 1 个活跃的策略
2025-05-23 19:59:14 - INFO - 启动策略: wangba (用户: test1, id=7416w114037s7c8)
2025-05-23 19:59:15 - INFO - 开始启动数据源...
2025-05-23 19:59:15 - INFO - 开始监听策略的运行状态...
2025-05-23 19:59:24 - INFO - 开始监听交易信息...
2025-05-23 19:59:53 - INFO - 策略 7416w114037s7c8 收到新的交易信息
2025-05-23 20:01:41 - INFO - 找到 1 个活跃的策略
2025-05-23 20:01:42 - INFO - 启动策略: wangba (用户: test1, id=7416w114037s7c8)
2025-05-23 20:01:42 - INFO - 开始启动数据源...
2025-05-23 20:01:42 - INFO - 开始监听策略的运行状态...
2025-05-23 20:01:42 - INFO - 开始监听交易信息...
2025-05-23 20:01:53 - INFO - 策略 7416w114037s7c8 收到新的交易信息
2025-05-23 20:03:29 - INFO - 策略 7416w114037s7c8 收到新的交易信息
2025-05-23 20:04:02 - INFO - 策略 7416w114037s7c8 收到新的交易信息
2025-05-23 20:04:11 - INFO - 策略 7416w114037s7c8 收到新的交易信息
2025-05-23 20:34:49 - INFO - 找到 1 个活跃的策略
2025-05-23 20:34:50 - INFO - 启动策略: wangba (用户: test1, id=7416w114037s7c8)
2025-05-23 20:34:50 - INFO - 开始启动数据源...
2025-05-23 20:34:50 - INFO - 开始监听策略的运行状态...
2025-05-23 20:34:51 - INFO - 开始监听交易信息...
2025-05-23 20:35:25 - INFO - 策略 7416w114037s7c8 收到新的交易信息
2025-05-23 20:36:03 - INFO - 策略 7416w114037s7c8 收到新的交易信息
