2025-06-04 08:28:45 - INFO - 找到 1 个活跃的策略
2025-06-04 08:28:45 - INFO - 启动策略: wangba (用户: test1, id=7416w114037s7c8)
2025-06-04 08:28:46 - INFO - 开始启动数据源...
2025-06-04 08:28:46 - INFO - 开始监听策略的运行状态...
2025-06-04 08:28:47 - INFO - 开始监听交易信息...
2025-06-04 08:30:02 - INFO - 策略 7416w114037s7c8 收到新的交易信息
2025-06-04 08:31:06 - INFO - 找到 1 个活跃的策略
2025-06-04 08:31:07 - INFO - 启动策略: wangba (用户: test1, id=7416w114037s7c8)
2025-06-04 08:31:07 - INFO - 开始启动数据源...
2025-06-04 08:31:07 - INFO - 开始监听策略的运行状态...
2025-06-04 08:31:08 - INFO - 开始监听交易信息...
2025-06-04 08:32:03 - INFO - 找到 1 个活跃的策略
2025-06-04 08:32:04 - INFO - 启动策略: wangba (用户: test1, id=7416w114037s7c8)
2025-06-04 08:32:04 - INFO - 开始启动数据源...
2025-06-04 08:32:04 - INFO - 开始监听策略的运行状态...
2025-06-04 08:32:05 - INFO - 开始监听交易信息...
2025-06-04 08:32:12 - INFO - 策略 7416w114037s7c8 收到新的交易信息
2025-06-04 08:34:46 - INFO - 找到 1 个活跃的策略
2025-06-04 08:34:47 - INFO - 启动策略: wangba (用户: test1, id=7416w114037s7c8)
2025-06-04 08:34:47 - INFO - 开始启动数据源...
2025-06-04 08:34:48 - INFO - 开始监听策略的运行状态...
2025-06-04 08:34:48 - INFO - 开始监听交易信息...
2025-06-04 08:34:54 - INFO - 策略 7416w114037s7c8 收到新的交易信息
2025-06-04 08:38:00 - INFO - 找到 1 个活跃的策略
2025-06-04 08:38:00 - INFO - 启动策略: wangba (用户: test1, id=7416w114037s7c8)
2025-06-04 08:38:01 - INFO - 开始启动数据源...
2025-06-04 08:38:01 - INFO - 开始监听策略的运行状态...
2025-06-04 08:38:01 - INFO - 开始监听交易信息...
2025-06-04 08:38:08 - INFO - 策略 7416w114037s7c8 收到新的交易信息
2025-06-04 08:58:58 - INFO - 找到 1 个活跃的策略
2025-06-04 08:58:58 - INFO - 启动策略: wangba (用户: test1, id=7416w114037s7c8)
2025-06-04 08:58:59 - INFO - 开始启动数据源...
2025-06-04 08:58:59 - INFO - 开始监听策略的运行状态...
2025-06-04 08:58:59 - INFO - 开始监听交易信息...
2025-06-04 08:59:04 - INFO - 策略 7416w114037s7c8 收到新的交易信息
2025-06-04 09:10:07 - INFO - 找到 1 个活跃的策略
2025-06-04 09:10:08 - INFO - 启动策略: wangba (用户: test1, id=7416w114037s7c8)
2025-06-04 09:10:09 - INFO - 开始启动数据源...
2025-06-04 09:10:09 - INFO - 开始监听策略的运行状态...
2025-06-04 09:10:09 - INFO - 开始监听交易信息...
2025-06-04 09:10:44 - INFO - 找到 1 个活跃的策略
2025-06-04 09:10:44 - INFO - 启动策略: wangba (用户: test1, id=7416w114037s7c8)
2025-06-04 09:10:45 - INFO - 开始启动数据源...
2025-06-04 09:10:45 - INFO - 开始监听策略的运行状态...
2025-06-04 09:10:45 - INFO - 开始监听交易信息...
2025-06-04 09:12:39 - INFO - 找到 1 个活跃的策略
2025-06-04 09:12:40 - INFO - 启动策略: wangba (用户: test1, id=7416w114037s7c8)
2025-06-04 09:12:40 - INFO - 开始启动数据源...
2025-06-04 09:12:40 - INFO - 开始监听策略的运行状态...
2025-06-04 09:12:50 - INFO - 开始监听交易信息...
2025-06-04 09:14:50 - INFO - 找到 1 个活跃的策略
2025-06-04 09:14:50 - INFO - 启动策略: wangba (用户: test1, id=7416w114037s7c8)
2025-06-04 09:14:51 - INFO - 开始启动数据源...
2025-06-04 09:14:51 - INFO - 开始监听策略的运行状态...
2025-06-04 09:17:37 - INFO - 开始监听交易信息...
2025-06-04 09:19:37 - INFO - 找到 1 个活跃的策略
2025-06-04 09:19:37 - INFO - 启动策略: wangba (用户: test1, id=7416w114037s7c8)
2025-06-04 09:19:38 - INFO - 开始启动数据源...
2025-06-04 09:19:38 - INFO - 开始监听策略的运行状态...
2025-06-04 09:19:38 - INFO - 开始监听交易信息...
2025-06-04 09:26:19 - INFO - 策略 7416w114037s7c8 收到新的交易信息
2025-06-04 09:58:39 - INFO - 找到 1 个活跃的策略
2025-06-04 09:58:39 - INFO - 启动策略: wangba (用户: test1, id=7416w114037s7c8)
2025-06-04 09:58:40 - INFO - 开始启动数据源...
2025-06-04 09:58:40 - INFO - 开始监听策略的运行状态...
2025-06-04 09:58:40 - INFO - 开始监听交易信息...
2025-06-04 09:58:54 - INFO - 策略 7416w114037s7c8 收到新的交易信息
2025-06-04 09:59:05 - INFO - 策略 7416w114037s7c8 收到新的交易信息
2025-06-04 09:59:40 - INFO - 策略 7416w114037s7c8 收到新的交易信息
2025-06-04 09:59:50 - INFO - 策略 7416w114037s7c8 收到新的交易信息
2025-06-04 10:01:18 - INFO - 策略 7416w114037s7c8 收到新的交易信息
2025-06-04 10:01:59 - INFO - 找到 1 个活跃的策略
2025-06-04 10:02:00 - INFO - 启动策略: wangba (用户: test1, id=7416w114037s7c8)
2025-06-04 10:02:01 - INFO - 开始启动数据源...
2025-06-04 10:02:01 - INFO - 开始监听策略的运行状态...
2025-06-04 10:02:01 - INFO - 开始监听交易信息...
2025-06-04 10:02:14 - INFO - 策略 7416w114037s7c8 收到新的交易信息
2025-06-04 11:10:38 - INFO - 退出监听
2025-06-04 11:10:47 - INFO - 找到 1 个活跃的策略
2025-06-04 11:10:48 - INFO - 启动策略: wangba (用户: test1, id=7416w114037s7c8)
2025-06-04 11:10:48 - INFO - 开始启动数据源...
2025-06-04 11:10:48 - INFO - 开始监听策略的运行状态...
2025-06-04 11:10:49 - INFO - 开始监听交易信息...
2025-06-04 11:11:46 - INFO - 策略 7416w114037s7c8 收到新的交易信息
2025-06-04 11:19:31 - INFO - 策略 7416w114037s7c8 收到新的交易信息
2025-06-04 11:19:57 - INFO - 策略 7416w114037s7c8 收到新的交易信息
2025-06-04 13:10:54 - INFO - 退出监听
2025-06-04 13:11:37 - INFO - 找到 1 个活跃的策略
2025-06-04 13:11:38 - INFO - 启动策略: wangba (用户: test1, id=7416w114037s7c8)
2025-06-04 13:11:39 - INFO - 开始启动数据源...
2025-06-04 13:11:39 - INFO - 开始监听策略的运行状态...
2025-06-04 13:11:39 - INFO - 开始监听交易信息...
2025-06-04 13:12:17 - INFO - 策略 7416w114037s7c8 收到新的交易信息
2025-06-04 13:13:37 - INFO - 找到 1 个活跃的策略
2025-06-04 13:13:38 - INFO - 启动策略: wangba (用户: test1, id=7416w114037s7c8)
2025-06-04 13:13:39 - INFO - 开始启动数据源...
2025-06-04 13:13:39 - INFO - 开始监听策略的运行状态...
2025-06-04 13:13:39 - INFO - 开始监听交易信息...
2025-06-04 13:13:56 - INFO - 策略 7416w114037s7c8 收到新的交易信息
2025-06-04 13:21:42 - INFO - 策略 7416w114037s7c8 收到新的交易信息
2025-06-04 13:23:55 - INFO - 策略 7416w114037s7c8 收到新的交易信息
2025-06-04 13:24:33 - INFO - 找到 1 个活跃的策略
2025-06-04 13:24:34 - INFO - 启动策略: wangba (用户: test1, id=7416w114037s7c8)
2025-06-04 13:24:34 - INFO - 开始启动数据源...
2025-06-04 13:24:35 - INFO - 开始监听策略的运行状态...
2025-06-04 13:24:35 - INFO - 开始监听交易信息...
2025-06-04 13:24:41 - INFO - 策略 7416w114037s7c8 收到新的交易信息
2025-06-04 13:27:12 - INFO - 退出监听
2025-06-04 13:27:26 - INFO - 找到 1 个活跃的策略
2025-06-04 13:27:27 - INFO - 启动策略: wangba (用户: test1, id=7416w114037s7c8)
2025-06-04 13:27:27 - INFO - 开始启动数据源...
2025-06-04 13:27:28 - INFO - 开始监听策略的运行状态...
2025-06-04 13:27:28 - INFO - 开始监听交易信息...
2025-06-04 13:28:38 - INFO - 策略 7416w114037s7c8 收到新的交易信息
2025-06-04 14:04:34 - INFO - 退出监听
2025-06-04 22:16:56 - INFO - 找到 1 个活跃的策略
2025-06-04 22:16:57 - INFO - 启动策略: wangba (用户: test1, id=7416w114037s7c8)
2025-06-04 22:16:58 - INFO - 开始启动数据源...
2025-06-04 22:16:58 - INFO - 开始监听策略的运行状态...
2025-06-04 22:17:30 - INFO - 找到 1 个活跃的策略
2025-06-04 22:17:31 - INFO - 启动策略: wangba (用户: test1, id=7416w114037s7c8)
2025-06-04 22:17:31 - INFO - 开始启动数据源...
2025-06-04 22:17:31 - INFO - 开始监听策略的运行状态...
